#
# There is insufficient memory for the Java Runtime Environment to continue.
# Native memory allocation (malloc) failed to allocate 1050016 bytes for Chunk::new
# Possible reasons:
#   The system is out of physical RAM or swap space
#   The process is running with CompressedOops enabled, and the Java Heap may be blocking the growth of the native heap
# Possible solutions:
#   Reduce memory load on the system
#   Increase physical memory or swap space
#   Check if swap backing store is full
#   Decrease Java heap size (-Xmx/-Xms)
#   Decrease number of Java threads
#   Decrease Java thread stack sizes (-Xss)
#   Set larger code cache with -XX:ReservedCodeCacheSize=
#   JVM is running with Unscaled Compressed Oops mode in which the Java heap is
#     placed in the first 4GB address space. The Java Heap base address is the
#     maximum limit for the native heap growth. Please use -XX:HeapBaseMinAddress
#     to set the Java Heap base and to place the Java Heap above 4GB virtual address.
# This output file may be truncated or incomplete.
#
#  Out of Memory Error (arena.cpp:189), pid=10968, tid=23228
#
# JRE version: OpenJDK Runtime Environment (17.0.6) (build 17.0.6+0-b2043.56-10027231)
# Java VM: OpenJDK 64-Bit Server VM (17.0.6+0-b2043.56-10027231, mixed mode, tiered, compressed oops, compressed class ptrs, g1 gc, windows-amd64)
# No core dump will be written. Minidumps are not enabled by default on client versions of Windows
#

---------------  S U M M A R Y ------------

Command Line: --add-opens=java.base/java.util=ALL-UNNAMED --add-opens=java.base/java.lang=ALL-UNNAMED --add-opens=java.base/java.lang.invoke=ALL-UNNAMED --add-opens=java.prefs/java.util.prefs=ALL-UNNAMED --add-opens=java.base/java.nio.charset=ALL-UNNAMED --add-opens=java.base/java.net=ALL-UNNAMED --add-opens=java.base/java.util.concurrent.atomic=ALL-UNNAMED -Xmx2048m -Dfile.encoding=UTF-8 -Duser.country=US -Duser.language=en -Duser.variant org.gradle.launcher.daemon.bootstrap.GradleDaemon 8.0

Host: Intel(R) Core(TM) i7-10750H CPU @ 2.60GHz, 12 cores, 15G,  Windows 10 , 64 bit Build 19041 (10.0.19041.3570)
Time: Mon Nov 13 23:47:57 2023 SE Asia Standard Time elapsed time: 65.761721 seconds (0d 0h 1m 5s)

---------------  T H R E A D  ---------------

Current thread (0x000001cec1204240):  JavaThread "C2 CompilerThread1" daemon [_thread_in_native, id=23228, stack(0x0000002189e00000,0x0000002189f00000)]


Current CompileTask:
C2:  65761 16832       4       org.gradle.api.internal.attributes.DefaultAttributesSchema$MergedSchema::matchValue (138 bytes)

Stack: [0x0000002189e00000,0x0000002189f00000]
Native frames: (J=compiled Java code, j=interpreted, Vv=VM code, C=native code)
V  [jvm.dll+0x683c9a]
V  [jvm.dll+0x8427a4]
V  [jvm.dll+0x843f9e]
V  [jvm.dll+0x844603]
V  [jvm.dll+0x249b75]
V  [jvm.dll+0xabcac]
V  [jvm.dll+0xac27c]
V  [jvm.dll+0x2b0eef]
V  [jvm.dll+0x58a267]
V  [jvm.dll+0x2243b2]
V  [jvm.dll+0x22478f]
V  [jvm.dll+0x21e055]
V  [jvm.dll+0x21b51b]
V  [jvm.dll+0x1a4fdd]
V  [jvm.dll+0x22b098]
V  [jvm.dll+0x229159]
V  [jvm.dll+0x7f81ec]
V  [jvm.dll+0x7f274a]
V  [jvm.dll+0x682ad5]
C  [ucrtbase.dll+0x21bb2]
C  [KERNEL32.DLL+0x17344]
C  [ntdll.dll+0x526b1]


---------------  P R O C E S S  ---------------

Threads class SMR info:
_java_thread_list=0x000001cebd0ebe80, length=53, elements={
0x000001ce9cf1b580, 0x000001ceb7c54260, 0x000001ceb7c54fe0, 0x000001ceb7c7b020,
0x000001ceb7c7d600, 0x000001ceb7c7dec0, 0x000001ceb7c7e780, 0x000001ceb7c7fa30,
0x000001ceb7c8b410, 0x000001ceb7c908a0, 0x000001ceb7e05420, 0x000001ceb7e224f0,
0x000001cebad962c0, 0x000001ceba1cc100, 0x000001ceb9486320, 0x000001cebacf3620,
0x000001ceb8a64040, 0x000001ceb8c6b9d0, 0x000001ceb8c6ab60, 0x000001cebab140a0,
0x000001cebab16bf0, 0x000001cebab19740, 0x000001cebab12d60, 0x000001cebab19270,
0x000001cebab170c0, 0x000001cebab19c10, 0x000001cebab1a0e0, 0x000001cebab1a5b0,
0x000001cebab14a40, 0x000001cebab18da0, 0x000001cebab188d0, 0x000001cebab17590,
0x000001cebab14570, 0x000001cebab13230, 0x000001cebab14f10, 0x000001cebab16720,
0x000001cebd57f880, 0x000001ceb8d5d800, 0x000001ceb8d5bb20, 0x000001ceb8d61690,
0x000001cec2e32c20, 0x000001cec2e33f60, 0x000001cebd584f20, 0x000001cebd586260,
0x000001cebd581090, 0x000001cec1204240, 0x000001cec12065b0, 0x000001cebd5806f0,
0x000001cebd586c00, 0x000001cec1d93e60, 0x000001cec1d94330, 0x000001cec1d94800,
0x000001cebc024080
}

Java Threads: ( => current thread )
  0x000001ce9cf1b580 JavaThread "main" [_thread_blocked, id=25184, stack(0x0000002187d00000,0x0000002187e00000)]
  0x000001ceb7c54260 JavaThread "Reference Handler" daemon [_thread_blocked, id=2712, stack(0x0000002188400000,0x0000002188500000)]
  0x000001ceb7c54fe0 JavaThread "Finalizer" daemon [_thread_blocked, id=6096, stack(0x0000002188500000,0x0000002188600000)]
  0x000001ceb7c7b020 JavaThread "Signal Dispatcher" daemon [_thread_blocked, id=23812, stack(0x0000002188600000,0x0000002188700000)]
  0x000001ceb7c7d600 JavaThread "Attach Listener" daemon [_thread_blocked, id=9632, stack(0x0000002188700000,0x0000002188800000)]
  0x000001ceb7c7dec0 JavaThread "Service Thread" daemon [_thread_blocked, id=14092, stack(0x0000002188800000,0x0000002188900000)]
  0x000001ceb7c7e780 JavaThread "Monitor Deflation Thread" daemon [_thread_blocked, id=21388, stack(0x0000002188900000,0x0000002188a00000)]
  0x000001ceb7c7fa30 JavaThread "C2 CompilerThread0" daemon [_thread_in_native, id=6032, stack(0x0000002188a00000,0x0000002188b00000)]
  0x000001ceb7c8b410 JavaThread "C1 CompilerThread0" daemon [_thread_in_vm, id=19160, stack(0x0000002188b00000,0x0000002188c00000)]
  0x000001ceb7c908a0 JavaThread "Sweeper thread" daemon [_thread_blocked, id=25564, stack(0x0000002188c00000,0x0000002188d00000)]
  0x000001ceb7e05420 JavaThread "Common-Cleaner" daemon [_thread_blocked, id=7172, stack(0x0000002188d00000,0x0000002188e00000)]
  0x000001ceb7e224f0 JavaThread "Notification Thread" daemon [_thread_blocked, id=24916, stack(0x0000002188e00000,0x0000002188f00000)]
  0x000001cebad962c0 JavaThread "Daemon health stats" [_thread_blocked, id=3204, stack(0x0000002189700000,0x0000002189800000)]
  0x000001ceba1cc100 JavaThread "Incoming local TCP Connector on port 56957" [_thread_in_native, id=5800, stack(0x0000002189800000,0x0000002189900000)]
  0x000001ceb9486320 JavaThread "Daemon periodic checks" [_thread_blocked, id=13708, stack(0x0000002189900000,0x0000002189a00000)]
  0x000001cebacf3620 JavaThread "Daemon" [_thread_blocked, id=9596, stack(0x0000002189a00000,0x0000002189b00000)]
  0x000001ceb8a64040 JavaThread "Daemon worker" [_thread_in_vm, id=23096, stack(0x0000002189d00000,0x0000002189e00000)]
  0x000001ceb8c6b9d0 JavaThread "Cache worker for journal cache (C:\Users\DELL\.gradle\caches\journal-1)" [_thread_blocked, id=15168, stack(0x0000002189100000,0x0000002189200000)]
  0x000001ceb8c6ab60 JavaThread "File lock request listener" [_thread_in_native, id=3308, stack(0x000000218a700000,0x000000218a800000)]
  0x000001cebab140a0 JavaThread "Cache worker for file hash cache (C:\Users\DELL\.gradle\caches\8.0\fileHashes)" [_thread_blocked, id=18416, stack(0x000000218a800000,0x000000218a900000)]
  0x000001cebab16bf0 JavaThread "File watcher server" daemon [_thread_in_native, id=23740, stack(0x000000218aa00000,0x000000218ab00000)]
  0x000001cebab19740 JavaThread "File watcher consumer" daemon [_thread_blocked, id=11216, stack(0x000000218ab00000,0x000000218ac00000)]
  0x000001cebab12d60 JavaThread "jar transforms" [_thread_blocked, id=20344, stack(0x000000218ac00000,0x000000218ad00000)]
  0x000001cebab19270 JavaThread "jar transforms Thread 2" [_thread_blocked, id=12240, stack(0x000000218ad00000,0x000000218ae00000)]
  0x000001cebab170c0 JavaThread "jar transforms Thread 3" [_thread_blocked, id=23268, stack(0x000000218ae00000,0x000000218af00000)]
  0x000001cebab19c10 JavaThread "jar transforms Thread 4" [_thread_blocked, id=18696, stack(0x000000218af00000,0x000000218b000000)]
  0x000001cebab1a0e0 JavaThread "jar transforms Thread 5" [_thread_blocked, id=10692, stack(0x000000218b000000,0x000000218b100000)]
  0x000001cebab1a5b0 JavaThread "jar transforms Thread 6" [_thread_blocked, id=5580, stack(0x000000218b100000,0x000000218b200000)]
  0x000001cebab14a40 JavaThread "jar transforms Thread 7" [_thread_blocked, id=21220, stack(0x000000218b200000,0x000000218b300000)]
  0x000001cebab18da0 JavaThread "jar transforms Thread 8" [_thread_blocked, id=18660, stack(0x000000218b300000,0x000000218b400000)]
  0x000001cebab188d0 JavaThread "jar transforms Thread 9" [_thread_blocked, id=7828, stack(0x000000218b400000,0x000000218b500000)]
  0x000001cebab17590 JavaThread "jar transforms Thread 10" [_thread_blocked, id=24560, stack(0x000000218b500000,0x000000218b600000)]
  0x000001cebab14570 JavaThread "jar transforms Thread 11" [_thread_blocked, id=21088, stack(0x000000218b600000,0x000000218b700000)]
  0x000001cebab13230 JavaThread "jar transforms Thread 12" [_thread_blocked, id=16900, stack(0x000000218b700000,0x000000218b800000)]
  0x000001cebab14f10 JavaThread "Cache worker for file content cache (C:\Users\DELL\.gradle\caches\8.0\fileContent)" [_thread_blocked, id=22036, stack(0x000000218ba00000,0x000000218bb00000)]
  0x000001cebab16720 JavaThread "Cache worker for execution history cache (C:\Users\DELL\.gradle\caches\8.0\executionHistory)" [_thread_blocked, id=24144, stack(0x000000218bd00000,0x000000218be00000)]
  0x000001cebd57f880 JavaThread "Cache worker for kotlin-dsl (C:\Users\DELL\.gradle\caches\8.0\kotlin-dsl)" [_thread_blocked, id=12380, stack(0x000000218be00000,0x000000218bf00000)]
  0x000001ceb8d5d800 JavaThread "Memory manager" [_thread_blocked, id=19704, stack(0x0000002193900000,0x0000002193a00000)]
  0x000001ceb8d5bb20 JavaThread "pool-3-thread-1" [_thread_blocked, id=14864, stack(0x0000002193a00000,0x0000002193b00000)]
  0x000001ceb8d61690 JavaThread "included builds" [_thread_blocked, id=20232, stack(0x0000002193b00000,0x0000002193c00000)]
  0x000001cec2e32c20 JavaThread "Handler for socket connection from /127.0.0.1:56957 to /127.0.0.1:57006" [_thread_in_native, id=19444, stack(0x0000002187a00000,0x0000002187b00000)]
  0x000001cec2e33f60 JavaThread "Cancel handler" [_thread_blocked, id=17800, stack(0x0000002187b00000,0x0000002187c00000)]
  0x000001cebd584f20 JavaThread "Asynchronous log dispatcher for DefaultDaemonConnection: socket connection from /127.0.0.1:56957 to /127.0.0.1:57006" [_thread_blocked, id=524, stack(0x0000002187c00000,0x0000002187d00000)]
  0x000001cebd586260 JavaThread "Stdin handler" [_thread_blocked, id=5896, stack(0x0000002189b00000,0x0000002189c00000)]
  0x000001cebd581090 JavaThread "Daemon client event forwarder" [_thread_blocked, id=22592, stack(0x0000002189c00000,0x0000002189d00000)]
=>0x000001cec1204240 JavaThread "C2 CompilerThread1" daemon [_thread_in_native, id=23228, stack(0x0000002189e00000,0x0000002189f00000)]
  0x000001cec12065b0 JavaThread "C2 CompilerThread2" daemon [_thread_in_native, id=25384, stack(0x0000002189f00000,0x000000218a000000)]
  0x000001cebd5806f0 JavaThread "Cache worker for checksums cache (C:\Users\DELL\AndroidStudioProjects\AppQuizlet\.gradle\8.0\checksums)" [_thread_blocked, id=23200, stack(0x000000218a000000,0x000000218a100000)]
  0x000001cebd586c00 JavaThread "Cache worker for cache directory md-rule (C:\Users\DELL\.gradle\caches\8.0\md-rule)" [_thread_blocked, id=3024, stack(0x000000218b800000,0x000000218b900000)]
  0x000001cec1d93e60 JavaThread "Cache worker for file hash cache (C:\Users\DELL\AndroidStudioProjects\AppQuizlet\.gradle\8.0\fileHashes)" [_thread_blocked, id=20772, stack(0x000000218b900000,0x000000218ba00000)]
  0x000001cec1d94330 JavaThread "Cache worker for cache directory md-supplier (C:\Users\DELL\.gradle\caches\8.0\md-supplier)" [_thread_blocked, id=21840, stack(0x000000218bb00000,0x000000218bc00000)]
  0x000001cec1d94800 JavaThread "Cache worker for dependencies-accessors (C:\Users\DELL\AndroidStudioProjects\AppQuizlet\.gradle\8.0\dependencies-accessors)" [_thread_blocked, id=24488, stack(0x000000218bc00000,0x000000218bd00000)]
  0x000001cebc024080 JavaThread "Cache worker for Build Output Cleanup Cache (C:\Users\DELL\AndroidStudioProjects\AppQuizlet\.gradle\buildOutputCleanup)" [_thread_blocked, id=8256, stack(0x000000218bf00000,0x000000218c000000)]

Other Threads:
  0x000001ceb71d1a40 VMThread "VM Thread" [stack: 0x0000002188300000,0x0000002188400000] [id=21868]
  0x000001ce9cf94c40 WatcherThread [stack: 0x0000002188f00000,0x0000002189000000] [id=14376]
  0x000001ce9cf799b0 GCTaskThread "GC Thread#0" [stack: 0x0000002187e00000,0x0000002187f00000] [id=19620]
  0x000001ceb81b5a20 GCTaskThread "GC Thread#1" [stack: 0x0000002189200000,0x0000002189300000] [id=11012]
  0x000001ceb81b6230 GCTaskThread "GC Thread#2" [stack: 0x0000002189300000,0x0000002189400000] [id=11204]
  0x000001ceb81b64e0 GCTaskThread "GC Thread#3" [stack: 0x0000002189400000,0x0000002189500000] [id=14032]
  0x000001ceb81b5cd0 GCTaskThread "GC Thread#4" [stack: 0x0000002189500000,0x0000002189600000] [id=22516]
  0x000001ceb81b5f80 GCTaskThread "GC Thread#5" [stack: 0x0000002189600000,0x0000002189700000] [id=11792]
  0x000001ceb81b6790 GCTaskThread "GC Thread#6" [stack: 0x000000218a100000,0x000000218a200000] [id=21908]
  0x000001ceb81b6a40 GCTaskThread "GC Thread#7" [stack: 0x000000218a200000,0x000000218a300000] [id=6364]
  0x000001ceb81b5770 GCTaskThread "GC Thread#8" [stack: 0x000000218a300000,0x000000218a400000] [id=21972]
  0x000001ceb81b6cf0 GCTaskThread "GC Thread#9" [stack: 0x000000218a400000,0x000000218a500000] [id=20732]
  0x000001ce9cf8a800 ConcurrentGCThread "G1 Main Marker" [stack: 0x0000002187f00000,0x0000002188000000] [id=3316]
  0x000001ce9cf8b8c0 ConcurrentGCThread "G1 Conc#0" [stack: 0x0000002188000000,0x0000002188100000] [id=9508]
  0x000001ceb964d8e0 ConcurrentGCThread "G1 Conc#1" [stack: 0x000000218a500000,0x000000218a600000] [id=16732]
  0x000001ceb964d630 ConcurrentGCThread "G1 Conc#2" [stack: 0x000000218a600000,0x000000218a700000] [id=12672]
  0x000001ce9cfed3f0 ConcurrentGCThread "G1 Refine#0" [stack: 0x0000002188100000,0x0000002188200000] [id=25496]
  0x000001cebf852bc0 ConcurrentGCThread "G1 Refine#1" [stack: 0x0000002194900000,0x0000002194a00000] [id=10284]
  0x000001cebf851a80 ConcurrentGCThread "G1 Refine#2" [stack: 0x0000002194a00000,0x0000002194b00000] [id=8532]
  0x000001ceb7086590 ConcurrentGCThread "G1 Service" [stack: 0x0000002188200000,0x0000002188300000] [id=16044]

Threads with active compile tasks:
C2 CompilerThread0    65797 16895       4       org.gradle.api.internal.artifacts.ivyservice.resolveengine.result.ResolvedVariantResultSerializer::write (150 bytes)
C1 CompilerThread0    65797 16904       3       org.gradle.api.internal.initialization.DefaultScriptClassPathResolver$$Lambda$558/0x0000000100649310::isSatisfiedBy (8 bytes)
C2 CompilerThread1    65797 16832       4       org.gradle.api.internal.attributes.DefaultAttributesSchema$MergedSchema::matchValue (138 bytes)
C2 CompilerThread2    65797 16893       4       org.gradle.api.internal.artifacts.ivyservice.resolveengine.graph.builder.NodeState::getResolvedVariant (113 bytes)

VM state: not at safepoint (normal execution)

VM Mutex/Monitor currently owned by a thread: None

Heap address: 0x0000000080000000, size: 2048 MB, Compressed Oops mode: 32-bit

CDS archive(s) not mapped
Compressed class space mapped at: 0x0000000100000000-0x0000000140000000, reserved size: 1073741824
Narrow klass base: 0x0000000000000000, Narrow klass shift: 3, Narrow klass range: 0x140000000

GC Precious Log:
 CPUs: 12 total, 12 available
 Memory: 16145M
 Large Page Support: Disabled
 NUMA Support: Disabled
 Compressed Oops: Enabled (32-bit)
 Heap Region Size: 1M
 Heap Min Capacity: 8M
 Heap Initial Capacity: 254M
 Heap Max Capacity: 2G
 Pre-touch: Disabled
 Parallel Workers: 10
 Concurrent Workers: 3
 Concurrent Refinement Workers: 10
 Periodic GC: Disabled

Heap:
 garbage-first heap   total 368640K, used 304715K [0x0000000080000000, 0x0000000100000000)
  region size 1024K, 108 young (110592K), 9 survivors (9216K)
 Metaspace       used 128094K, committed 129088K, reserved 1163264K
  class space    used 16654K, committed 17152K, reserved 1048576K

Heap Regions: E=young(eden), S=young(survivor), O=old, HS=humongous(starts), HC=humongous(continues), CS=collection set, F=free, OA=open archive, CA=closed archive, TAMS=top-at-mark-start (previous, next)
|   0|0x0000000080000000, 0x0000000080100000, 0x0000000080100000|100%|HS|  |TAMS 0x0000000080100000, 0x0000000080000000| Complete 
|   1|0x0000000080100000, 0x0000000080200000, 0x0000000080200000|100%|HC|  |TAMS 0x0000000080200000, 0x0000000080100000| Complete 
|   2|0x0000000080200000, 0x0000000080300000, 0x0000000080300000|100%|HC|  |TAMS 0x0000000080300000, 0x0000000080200000| Complete 
|   3|0x0000000080300000, 0x0000000080400000, 0x0000000080400000|100%|HC|  |TAMS 0x0000000080400000, 0x0000000080300000| Complete 
|   4|0x0000000080400000, 0x0000000080500000, 0x0000000080500000|100%| O|  |TAMS 0x0000000080500000, 0x0000000080400000| Untracked 
|   5|0x0000000080500000, 0x0000000080600000, 0x0000000080600000|100%| O|  |TAMS 0x0000000080600000, 0x0000000080500000| Untracked 
|   6|0x0000000080600000, 0x0000000080700000, 0x0000000080700000|100%| O|  |TAMS 0x0000000080700000, 0x0000000080600000| Untracked 
|   7|0x0000000080700000, 0x0000000080800000, 0x0000000080800000|100%| O|  |TAMS 0x0000000080800000, 0x0000000080700000| Untracked 
|   8|0x0000000080800000, 0x0000000080900000, 0x0000000080900000|100%| O|  |TAMS 0x0000000080900000, 0x0000000080800000| Untracked 
|   9|0x0000000080900000, 0x0000000080a00000, 0x0000000080a00000|100%| O|  |TAMS 0x0000000080a00000, 0x0000000080900000| Untracked 
|  10|0x0000000080a00000, 0x0000000080b00000, 0x0000000080b00000|100%| O|  |TAMS 0x0000000080b00000, 0x0000000080a00000| Untracked 
|  11|0x0000000080b00000, 0x0000000080c00000, 0x0000000080c00000|100%| O|  |TAMS 0x0000000080c00000, 0x0000000080b00000| Untracked 
|  12|0x0000000080c00000, 0x0000000080d00000, 0x0000000080d00000|100%| O|  |TAMS 0x0000000080d00000, 0x0000000080c00000| Untracked 
|  13|0x0000000080d00000, 0x0000000080e00000, 0x0000000080e00000|100%| O|  |TAMS 0x0000000080e00000, 0x0000000080d00000| Untracked 
|  14|0x0000000080e00000, 0x0000000080f00000, 0x0000000080f00000|100%|HS|  |TAMS 0x0000000080f00000, 0x0000000080e00000| Complete 
|  15|0x0000000080f00000, 0x0000000081000000, 0x0000000081000000|100%|HC|  |TAMS 0x0000000081000000, 0x0000000080f00000| Complete 
|  16|0x0000000081000000, 0x0000000081100000, 0x0000000081100000|100%| O|  |TAMS 0x0000000081100000, 0x0000000081000000| Untracked 
|  17|0x0000000081100000, 0x0000000081200000, 0x0000000081200000|100%| O|  |TAMS 0x0000000081200000, 0x0000000081100000| Untracked 
|  18|0x0000000081200000, 0x0000000081300000, 0x0000000081300000|100%| O|  |TAMS 0x0000000081300000, 0x0000000081200000| Untracked 
|  19|0x0000000081300000, 0x0000000081400000, 0x0000000081400000|100%| O|  |TAMS 0x0000000081400000, 0x0000000081300000| Untracked 
|  20|0x0000000081400000, 0x0000000081500000, 0x0000000081500000|100%| O|  |TAMS 0x0000000081400000, 0x0000000081400000| Untracked 
|  21|0x0000000081500000, 0x0000000081600000, 0x0000000081600000|100%|HS|  |TAMS 0x0000000081600000, 0x0000000081500000| Complete 
|  22|0x0000000081600000, 0x0000000081700000, 0x0000000081700000|100%|HC|  |TAMS 0x0000000081700000, 0x0000000081600000| Complete 
|  23|0x0000000081700000, 0x0000000081800000, 0x0000000081800000|100%|HS|  |TAMS 0x0000000081800000, 0x0000000081700000| Complete 
|  24|0x0000000081800000, 0x0000000081900000, 0x0000000081900000|100%|HC|  |TAMS 0x0000000081900000, 0x0000000081800000| Complete 
|  25|0x0000000081900000, 0x0000000081a00000, 0x0000000081a00000|100%|HC|  |TAMS 0x0000000081a00000, 0x0000000081900000| Complete 
|  26|0x0000000081a00000, 0x0000000081b00000, 0x0000000081b00000|100%|HS|  |TAMS 0x0000000081b00000, 0x0000000081a00000| Complete 
|  27|0x0000000081b00000, 0x0000000081c00000, 0x0000000081c00000|100%|HC|  |TAMS 0x0000000081c00000, 0x0000000081b00000| Complete 
|  28|0x0000000081c00000, 0x0000000081d00000, 0x0000000081d00000|100%|HC|  |TAMS 0x0000000081d00000, 0x0000000081c00000| Complete 
|  29|0x0000000081d00000, 0x0000000081e00000, 0x0000000081e00000|100%| O|  |TAMS 0x0000000081e00000, 0x0000000081d00000| Untracked 
|  30|0x0000000081e00000, 0x0000000081f00000, 0x0000000081f00000|100%| O|  |TAMS 0x0000000081f00000, 0x0000000081e00000| Untracked 
|  31|0x0000000081f00000, 0x0000000082000000, 0x0000000082000000|100%| O|  |TAMS 0x0000000082000000, 0x0000000081f00000| Untracked 
|  32|0x0000000082000000, 0x0000000082100000, 0x0000000082100000|100%| O|  |TAMS 0x0000000082100000, 0x0000000082000000| Untracked 
|  33|0x0000000082100000, 0x0000000082200000, 0x0000000082200000|100%| O|  |TAMS 0x0000000082200000, 0x0000000082100000| Untracked 
|  34|0x0000000082200000, 0x0000000082300000, 0x0000000082300000|100%| O|  |TAMS 0x0000000082300000, 0x0000000082200000| Untracked 
|  35|0x0000000082300000, 0x0000000082400000, 0x0000000082400000|100%| O|  |TAMS 0x0000000082400000, 0x0000000082300000| Untracked 
|  36|0x0000000082400000, 0x0000000082500000, 0x0000000082500000|100%| O|  |TAMS 0x0000000082500000, 0x0000000082400000| Untracked 
|  37|0x0000000082500000, 0x0000000082600000, 0x0000000082600000|100%| O|  |TAMS 0x0000000082600000, 0x0000000082500000| Untracked 
|  38|0x0000000082600000, 0x0000000082700000, 0x0000000082700000|100%| O|  |TAMS 0x0000000082700000, 0x0000000082600000| Untracked 
|  39|0x0000000082700000, 0x0000000082800000, 0x0000000082800000|100%| O|  |TAMS 0x0000000082800000, 0x0000000082700000| Untracked 
|  40|0x0000000082800000, 0x0000000082900000, 0x0000000082900000|100%| O|  |TAMS 0x0000000082900000, 0x0000000082800000| Untracked 
|  41|0x0000000082900000, 0x0000000082a00000, 0x0000000082a00000|100%| O|  |TAMS 0x0000000082a00000, 0x0000000082900000| Untracked 
|  42|0x0000000082a00000, 0x0000000082b00000, 0x0000000082b00000|100%| O|  |TAMS 0x0000000082b00000, 0x0000000082a00000| Untracked 
|  43|0x0000000082b00000, 0x0000000082c00000, 0x0000000082c00000|100%| O|  |TAMS 0x0000000082c00000, 0x0000000082b00000| Untracked 
|  44|0x0000000082c00000, 0x0000000082d00000, 0x0000000082d00000|100%|HS|  |TAMS 0x0000000082d00000, 0x0000000082c00000| Complete 
|  45|0x0000000082d00000, 0x0000000082e00000, 0x0000000082e00000|100%|HC|  |TAMS 0x0000000082e00000, 0x0000000082d00000| Complete 
|  46|0x0000000082e00000, 0x0000000082f00000, 0x0000000082f00000|100%|HC|  |TAMS 0x0000000082f00000, 0x0000000082e00000| Complete 
|  47|0x0000000082f00000, 0x0000000083000000, 0x0000000083000000|100%| O|  |TAMS 0x0000000083000000, 0x0000000082f00000| Untracked 
|  48|0x0000000083000000, 0x0000000083100000, 0x0000000083100000|100%|HS|  |TAMS 0x0000000083100000, 0x0000000083000000| Complete 
|  49|0x0000000083100000, 0x0000000083200000, 0x0000000083200000|100%|HC|  |TAMS 0x0000000083200000, 0x0000000083100000| Complete 
|  50|0x0000000083200000, 0x0000000083300000, 0x0000000083300000|100%|HC|  |TAMS 0x0000000083300000, 0x0000000083200000| Complete 
|  51|0x0000000083300000, 0x0000000083400000, 0x0000000083400000|100%|HC|  |TAMS 0x0000000083400000, 0x0000000083300000| Complete 
|  52|0x0000000083400000, 0x0000000083500000, 0x0000000083500000|100%|HC|  |TAMS 0x0000000083500000, 0x0000000083400000| Complete 
|  53|0x0000000083500000, 0x0000000083600000, 0x0000000083600000|100%|HC|  |TAMS 0x0000000083600000, 0x0000000083500000| Complete 
|  54|0x0000000083600000, 0x0000000083700000, 0x0000000083700000|100%|HC|  |TAMS 0x0000000083700000, 0x0000000083600000| Complete 
|  55|0x0000000083700000, 0x0000000083800000, 0x0000000083800000|100%|HC|  |TAMS 0x0000000083800000, 0x0000000083700000| Complete 
|  56|0x0000000083800000, 0x0000000083900000, 0x0000000083900000|100%|HC|  |TAMS 0x0000000083900000, 0x0000000083800000| Complete 
|  57|0x0000000083900000, 0x0000000083a00000, 0x0000000083a00000|100%|HC|  |TAMS 0x0000000083a00000, 0x0000000083900000| Complete 
|  58|0x0000000083a00000, 0x0000000083b00000, 0x0000000083b00000|100%|HC|  |TAMS 0x0000000083b00000, 0x0000000083a00000| Complete 
|  59|0x0000000083b00000, 0x0000000083c00000, 0x0000000083c00000|100%|HC|  |TAMS 0x0000000083c00000, 0x0000000083b00000| Complete 
|  60|0x0000000083c00000, 0x0000000083d00000, 0x0000000083d00000|100%|HS|  |TAMS 0x0000000083d00000, 0x0000000083c00000| Complete 
|  61|0x0000000083d00000, 0x0000000083e00000, 0x0000000083e00000|100%|HC|  |TAMS 0x0000000083e00000, 0x0000000083d00000| Complete 
|  62|0x0000000083e00000, 0x0000000083f00000, 0x0000000083f00000|100%|HC|  |TAMS 0x0000000083f00000, 0x0000000083e00000| Complete 
|  63|0x0000000083f00000, 0x0000000084000000, 0x0000000084000000|100%| O|  |TAMS 0x0000000084000000, 0x0000000083f00000| Untracked 
|  64|0x0000000084000000, 0x0000000084100000, 0x0000000084100000|100%| O|  |TAMS 0x0000000084100000, 0x0000000084000000| Untracked 
|  65|0x0000000084100000, 0x0000000084200000, 0x0000000084200000|100%| O|  |TAMS 0x0000000084200000, 0x0000000084100000| Untracked 
|  66|0x0000000084200000, 0x0000000084300000, 0x0000000084300000|100%| O|  |TAMS 0x0000000084300000, 0x0000000084200000| Untracked 
|  67|0x0000000084300000, 0x0000000084400000, 0x0000000084400000|100%| O|  |TAMS 0x0000000084400000, 0x0000000084300000| Untracked 
|  68|0x0000000084400000, 0x0000000084500000, 0x0000000084500000|100%| O|  |TAMS 0x0000000084500000, 0x0000000084400000| Untracked 
|  69|0x0000000084500000, 0x0000000084600000, 0x0000000084600000|100%|HS|  |TAMS 0x0000000084600000, 0x0000000084500000| Complete 
|  70|0x0000000084600000, 0x0000000084700000, 0x0000000084700000|100%|HS|  |TAMS 0x0000000084700000, 0x0000000084600000| Complete 
|  71|0x0000000084700000, 0x0000000084800000, 0x0000000084800000|100%| O|  |TAMS 0x0000000084800000, 0x0000000084700000| Untracked 
|  72|0x0000000084800000, 0x0000000084900000, 0x0000000084900000|100%| O|  |TAMS 0x0000000084900000, 0x0000000084800000| Untracked 
|  73|0x0000000084900000, 0x0000000084a00000, 0x0000000084a00000|100%|HS|  |TAMS 0x0000000084a00000, 0x0000000084900000| Complete 
|  74|0x0000000084a00000, 0x0000000084b00000, 0x0000000084b00000|100%|HC|  |TAMS 0x0000000084b00000, 0x0000000084a00000| Complete 
|  75|0x0000000084b00000, 0x0000000084c00000, 0x0000000084c00000|100%|HS|  |TAMS 0x0000000084c00000, 0x0000000084b00000| Complete 
|  76|0x0000000084c00000, 0x0000000084d00000, 0x0000000084d00000|100%| O|  |TAMS 0x0000000084d00000, 0x0000000084c00000| Untracked 
|  77|0x0000000084d00000, 0x0000000084e00000, 0x0000000084e00000|100%|HS|  |TAMS 0x0000000084e00000, 0x0000000084d00000| Complete 
|  78|0x0000000084e00000, 0x0000000084f00000, 0x0000000084f00000|100%|HC|  |TAMS 0x0000000084f00000, 0x0000000084e00000| Complete 
|  79|0x0000000084f00000, 0x0000000085000000, 0x0000000085000000|100%|HC|  |TAMS 0x0000000085000000, 0x0000000084f00000| Complete 
|  80|0x0000000085000000, 0x0000000085100000, 0x0000000085100000|100%|HC|  |TAMS 0x0000000085100000, 0x0000000085000000| Complete 
|  81|0x0000000085100000, 0x0000000085200000, 0x0000000085200000|100%| O|  |TAMS 0x0000000085200000, 0x0000000085100000| Untracked 
|  82|0x0000000085200000, 0x0000000085300000, 0x0000000085300000|100%| O|  |TAMS 0x0000000085300000, 0x0000000085200000| Untracked 
|  83|0x0000000085300000, 0x0000000085400000, 0x0000000085400000|100%| O|  |TAMS 0x0000000085400000, 0x0000000085300000| Untracked 
|  84|0x0000000085400000, 0x0000000085500000, 0x0000000085500000|100%| O|  |TAMS 0x0000000085500000, 0x0000000085400000| Untracked 
|  85|0x0000000085500000, 0x0000000085600000, 0x0000000085600000|100%| O|  |TAMS 0x0000000085600000, 0x0000000085500000| Untracked 
|  86|0x0000000085600000, 0x0000000085700000, 0x0000000085700000|100%| O|  |TAMS 0x0000000085700000, 0x0000000085600000| Untracked 
|  87|0x0000000085700000, 0x0000000085800000, 0x0000000085800000|100%| O|  |TAMS 0x0000000085800000, 0x0000000085700000| Untracked 
|  88|0x0000000085800000, 0x0000000085900000, 0x0000000085900000|100%| O|  |TAMS 0x0000000085900000, 0x0000000085800000| Untracked 
|  89|0x0000000085900000, 0x0000000085a00000, 0x0000000085a00000|100%| O|  |TAMS 0x0000000085a00000, 0x0000000085900000| Untracked 
|  90|0x0000000085a00000, 0x0000000085b00000, 0x0000000085b00000|100%| O|  |TAMS 0x0000000085b00000, 0x0000000085a00000| Untracked 
|  91|0x0000000085b00000, 0x0000000085c00000, 0x0000000085c00000|100%| O|  |TAMS 0x0000000085c00000, 0x0000000085b00000| Untracked 
|  92|0x0000000085c00000, 0x0000000085d00000, 0x0000000085d00000|100%| O|  |TAMS 0x0000000085d00000, 0x0000000085c00000| Untracked 
|  93|0x0000000085d00000, 0x0000000085e00000, 0x0000000085e00000|100%| O|  |TAMS 0x0000000085e00000, 0x0000000085d00000| Untracked 
|  94|0x0000000085e00000, 0x0000000085f00000, 0x0000000085f00000|100%| O|  |TAMS 0x0000000085f00000, 0x0000000085e00000| Untracked 
|  95|0x0000000085f00000, 0x0000000086000000, 0x0000000086000000|100%| O|  |TAMS 0x0000000086000000, 0x0000000085f00000| Untracked 
|  96|0x0000000086000000, 0x0000000086100000, 0x0000000086100000|100%| O|  |TAMS 0x0000000086100000, 0x0000000086000000| Untracked 
|  97|0x0000000086100000, 0x0000000086200000, 0x0000000086200000|100%| O|  |TAMS 0x0000000086200000, 0x0000000086100000| Untracked 
|  98|0x0000000086200000, 0x0000000086300000, 0x0000000086300000|100%| O|  |TAMS 0x0000000086300000, 0x0000000086200000| Untracked 
|  99|0x0000000086300000, 0x0000000086400000, 0x0000000086400000|100%| O|  |TAMS 0x0000000086400000, 0x0000000086300000| Untracked 
| 100|0x0000000086400000, 0x0000000086500000, 0x0000000086500000|100%| O|  |TAMS 0x0000000086500000, 0x0000000086400000| Untracked 
| 101|0x0000000086500000, 0x0000000086600000, 0x0000000086600000|100%| O|  |TAMS 0x0000000086600000, 0x0000000086500000| Untracked 
| 102|0x0000000086600000, 0x0000000086700000, 0x0000000086700000|100%| O|  |TAMS 0x0000000086700000, 0x0000000086600000| Untracked 
| 103|0x0000000086700000, 0x0000000086800000, 0x0000000086800000|100%| O|  |TAMS 0x0000000086800000, 0x0000000086700000| Untracked 
| 104|0x0000000086800000, 0x0000000086900000, 0x0000000086900000|100%| O|  |TAMS 0x0000000086900000, 0x0000000086800000| Untracked 
| 105|0x0000000086900000, 0x0000000086a00000, 0x0000000086a00000|100%| O|  |TAMS 0x0000000086a00000, 0x0000000086900000| Untracked 
| 106|0x0000000086a00000, 0x0000000086b00000, 0x0000000086b00000|100%| O|  |TAMS 0x0000000086b00000, 0x0000000086a00000| Untracked 
| 107|0x0000000086b00000, 0x0000000086c00000, 0x0000000086c00000|100%| O|  |TAMS 0x0000000086c00000, 0x0000000086b00000| Untracked 
| 108|0x0000000086c00000, 0x0000000086d00000, 0x0000000086d00000|100%|HS|  |TAMS 0x0000000086d00000, 0x0000000086c00000| Complete 
| 109|0x0000000086d00000, 0x0000000086e00000, 0x0000000086e00000|100%|HC|  |TAMS 0x0000000086e00000, 0x0000000086d00000| Complete 
| 110|0x0000000086e00000, 0x0000000086f00000, 0x0000000086f00000|100%|HS|  |TAMS 0x0000000086f00000, 0x0000000086e00000| Complete 
| 111|0x0000000086f00000, 0x0000000087000000, 0x0000000087000000|100%|HC|  |TAMS 0x0000000087000000, 0x0000000086f00000| Complete 
| 112|0x0000000087000000, 0x0000000087100000, 0x0000000087100000|100%|HC|  |TAMS 0x0000000087100000, 0x0000000087000000| Complete 
| 113|0x0000000087100000, 0x0000000087200000, 0x0000000087200000|100%|HS|  |TAMS 0x0000000087200000, 0x0000000087100000| Complete 
| 114|0x0000000087200000, 0x0000000087300000, 0x0000000087300000|100%|HC|  |TAMS 0x0000000087300000, 0x0000000087200000| Complete 
| 115|0x0000000087300000, 0x0000000087400000, 0x0000000087400000|100%|HC|  |TAMS 0x0000000087400000, 0x0000000087300000| Complete 
| 116|0x0000000087400000, 0x0000000087500000, 0x0000000087500000|100%|HS|  |TAMS 0x0000000087500000, 0x0000000087400000| Complete 
| 117|0x0000000087500000, 0x0000000087600000, 0x0000000087600000|100%|HC|  |TAMS 0x0000000087600000, 0x0000000087500000| Complete 
| 118|0x0000000087600000, 0x0000000087700000, 0x0000000087700000|100%|HC|  |TAMS 0x0000000087700000, 0x0000000087600000| Complete 
| 119|0x0000000087700000, 0x0000000087800000, 0x0000000087800000|100%|HC|  |TAMS 0x0000000087800000, 0x0000000087700000| Complete 
| 120|0x0000000087800000, 0x0000000087900000, 0x0000000087900000|100%|HC|  |TAMS 0x0000000087900000, 0x0000000087800000| Complete 
| 121|0x0000000087900000, 0x0000000087a00000, 0x0000000087a00000|100%|HC|  |TAMS 0x0000000087a00000, 0x0000000087900000| Complete 
| 122|0x0000000087a00000, 0x0000000087b00000, 0x0000000087b00000|100%|HC|  |TAMS 0x0000000087b00000, 0x0000000087a00000| Complete 
| 123|0x0000000087b00000, 0x0000000087c00000, 0x0000000087c00000|100%|HC|  |TAMS 0x0000000087c00000, 0x0000000087b00000| Complete 
| 124|0x0000000087c00000, 0x0000000087d00000, 0x0000000087d00000|100%|HC|  |TAMS 0x0000000087d00000, 0x0000000087c00000| Complete 
| 125|0x0000000087d00000, 0x0000000087e00000, 0x0000000087e00000|100%|HC|  |TAMS 0x0000000087e00000, 0x0000000087d00000| Complete 
| 126|0x0000000087e00000, 0x0000000087f00000, 0x0000000087f00000|100%|HC|  |TAMS 0x0000000087f00000, 0x0000000087e00000| Complete 
| 127|0x0000000087f00000, 0x0000000088000000, 0x0000000088000000|100%|HC|  |TAMS 0x0000000088000000, 0x0000000087f00000| Complete 
| 128|0x0000000088000000, 0x0000000088100000, 0x0000000088100000|100%|HS|  |TAMS 0x0000000088100000, 0x0000000088000000| Complete 
| 129|0x0000000088100000, 0x0000000088200000, 0x0000000088200000|100%|HC|  |TAMS 0x0000000088200000, 0x0000000088100000| Complete 
| 130|0x0000000088200000, 0x0000000088300000, 0x0000000088300000|100%| O|  |TAMS 0x0000000088300000, 0x0000000088200000| Untracked 
| 131|0x0000000088300000, 0x0000000088400000, 0x0000000088400000|100%| O|  |TAMS 0x0000000088400000, 0x0000000088300000| Untracked 
| 132|0x0000000088400000, 0x0000000088500000, 0x0000000088500000|100%| O|  |TAMS 0x0000000088400000, 0x0000000088400000| Untracked 
| 133|0x0000000088500000, 0x0000000088600000, 0x0000000088600000|100%| O|  |TAMS 0x0000000088600000, 0x0000000088500000| Untracked 
| 134|0x0000000088600000, 0x0000000088700000, 0x0000000088700000|100%| O|  |TAMS 0x0000000088700000, 0x0000000088600000| Untracked 
| 135|0x0000000088700000, 0x0000000088800000, 0x0000000088800000|100%| O|  |TAMS 0x0000000088800000, 0x0000000088700000| Untracked 
| 136|0x0000000088800000, 0x0000000088900000, 0x0000000088900000|100%| O|  |TAMS 0x0000000088900000, 0x0000000088800000| Untracked 
| 137|0x0000000088900000, 0x0000000088a00000, 0x0000000088a00000|100%| O|  |TAMS 0x0000000088a00000, 0x0000000088900000| Untracked 
| 138|0x0000000088a00000, 0x0000000088b00000, 0x0000000088b00000|100%| O|  |TAMS 0x0000000088b00000, 0x0000000088a00000| Untracked 
| 139|0x0000000088b00000, 0x0000000088c00000, 0x0000000088c00000|100%| O|  |TAMS 0x0000000088c00000, 0x0000000088b00000| Untracked 
| 140|0x0000000088c00000, 0x0000000088d00000, 0x0000000088d00000|100%| O|  |TAMS 0x0000000088d00000, 0x0000000088c00000| Untracked 
| 141|0x0000000088d00000, 0x0000000088e00000, 0x0000000088e00000|100%| O|  |TAMS 0x0000000088e00000, 0x0000000088d00000| Untracked 
| 142|0x0000000088e00000, 0x0000000088f00000, 0x0000000088f00000|100%| O|  |TAMS 0x0000000088f00000, 0x0000000088e00000| Untracked 
| 143|0x0000000088f00000, 0x0000000089000000, 0x0000000089000000|100%| O|  |TAMS 0x0000000089000000, 0x0000000088f00000| Untracked 
| 144|0x0000000089000000, 0x0000000089100000, 0x0000000089100000|100%| O|  |TAMS 0x0000000089100000, 0x0000000089000000| Untracked 
| 145|0x0000000089100000, 0x0000000089200000, 0x0000000089200000|100%| O|  |TAMS 0x0000000089200000, 0x0000000089100000| Untracked 
| 146|0x0000000089200000, 0x0000000089300000, 0x0000000089300000|100%| O|  |TAMS 0x0000000089300000, 0x0000000089200000| Untracked 
| 147|0x0000000089300000, 0x0000000089400000, 0x0000000089400000|100%| O|  |TAMS 0x0000000089400000, 0x0000000089300000| Untracked 
| 148|0x0000000089400000, 0x0000000089500000, 0x0000000089500000|100%| O|  |TAMS 0x0000000089500000, 0x0000000089400000| Untracked 
| 149|0x0000000089500000, 0x0000000089600000, 0x0000000089600000|100%| O|  |TAMS 0x0000000089600000, 0x0000000089500000| Untracked 
| 150|0x0000000089600000, 0x0000000089700000, 0x0000000089700000|100%| O|  |TAMS 0x0000000089700000, 0x0000000089600000| Untracked 
| 151|0x0000000089700000, 0x0000000089800000, 0x0000000089800000|100%| O|  |TAMS 0x0000000089800000, 0x0000000089700000| Untracked 
| 152|0x0000000089800000, 0x0000000089900000, 0x0000000089900000|100%| O|  |TAMS 0x0000000089900000, 0x0000000089800000| Untracked 
| 153|0x0000000089900000, 0x0000000089a00000, 0x0000000089a00000|100%| O|  |TAMS 0x0000000089a00000, 0x0000000089900000| Untracked 
| 154|0x0000000089a00000, 0x0000000089b00000, 0x0000000089b00000|100%| O|  |TAMS 0x0000000089b00000, 0x0000000089a00000| Untracked 
| 155|0x0000000089b00000, 0x0000000089c00000, 0x0000000089c00000|100%| O|  |TAMS 0x0000000089c00000, 0x0000000089b00000| Untracked 
| 156|0x0000000089c00000, 0x0000000089d00000, 0x0000000089d00000|100%| O|  |TAMS 0x0000000089d00000, 0x0000000089c00000| Untracked 
| 157|0x0000000089d00000, 0x0000000089e00000, 0x0000000089e00000|100%| O|  |TAMS 0x0000000089e00000, 0x0000000089d00000| Untracked 
| 158|0x0000000089e00000, 0x0000000089f00000, 0x0000000089f00000|100%| O|  |TAMS 0x0000000089f00000, 0x0000000089e00000| Untracked 
| 159|0x0000000089f00000, 0x000000008a000000, 0x000000008a000000|100%| O|  |TAMS 0x000000008a000000, 0x0000000089f00000| Untracked 
| 160|0x000000008a000000, 0x000000008a100000, 0x000000008a100000|100%| O|  |TAMS 0x000000008a100000, 0x000000008a000000| Untracked 
| 161|0x000000008a100000, 0x000000008a200000, 0x000000008a200000|100%| O|  |TAMS 0x000000008a200000, 0x000000008a100000| Untracked 
| 162|0x000000008a200000, 0x000000008a300000, 0x000000008a300000|100%| O|  |TAMS 0x000000008a300000, 0x000000008a200000| Untracked 
| 163|0x000000008a300000, 0x000000008a400000, 0x000000008a400000|100%| O|  |TAMS 0x000000008a400000, 0x000000008a300000| Untracked 
| 164|0x000000008a400000, 0x000000008a500000, 0x000000008a500000|100%| O|  |TAMS 0x000000008a500000, 0x000000008a400000| Untracked 
| 165|0x000000008a500000, 0x000000008a600000, 0x000000008a600000|100%| O|  |TAMS 0x000000008a600000, 0x000000008a500000| Untracked 
| 166|0x000000008a600000, 0x000000008a700000, 0x000000008a700000|100%| O|  |TAMS 0x000000008a60de00, 0x000000008a600000| Untracked 
| 167|0x000000008a700000, 0x000000008a800000, 0x000000008a800000|100%| O|  |TAMS 0x000000008a700000, 0x000000008a700000| Untracked 
| 168|0x000000008a800000, 0x000000008a900000, 0x000000008a900000|100%| O|  |TAMS 0x000000008a800000, 0x000000008a800000| Untracked 
| 169|0x000000008a900000, 0x000000008aa00000, 0x000000008aa00000|100%| O|  |TAMS 0x000000008a900000, 0x000000008a900000| Untracked 
| 170|0x000000008aa00000, 0x000000008ab00000, 0x000000008ab00000|100%| O|  |TAMS 0x000000008aa00000, 0x000000008aa00000| Untracked 
| 171|0x000000008ab00000, 0x000000008ac00000, 0x000000008ac00000|100%| O|  |TAMS 0x000000008ab00000, 0x000000008ab00000| Untracked 
| 172|0x000000008ac00000, 0x000000008ad00000, 0x000000008ad00000|100%| O|  |TAMS 0x000000008ac00000, 0x000000008ac00000| Untracked 
| 173|0x000000008ad00000, 0x000000008ae00000, 0x000000008ae00000|100%| O|  |TAMS 0x000000008ad00000, 0x000000008ad00000| Untracked 
| 174|0x000000008ae00000, 0x000000008af00000, 0x000000008af00000|100%| O|  |TAMS 0x000000008ae00000, 0x000000008ae00000| Untracked 
| 175|0x000000008af00000, 0x000000008b000000, 0x000000008b000000|100%| O|  |TAMS 0x000000008af00000, 0x000000008af00000| Untracked 
| 176|0x000000008b000000, 0x000000008b100000, 0x000000008b100000|100%| O|  |TAMS 0x000000008b000000, 0x000000008b000000| Untracked 
| 177|0x000000008b100000, 0x000000008b200000, 0x000000008b200000|100%| O|  |TAMS 0x000000008b100000, 0x000000008b100000| Untracked 
| 178|0x000000008b200000, 0x000000008b300000, 0x000000008b300000|100%| O|  |TAMS 0x000000008b200000, 0x000000008b200000| Untracked 
| 179|0x000000008b300000, 0x000000008b400000, 0x000000008b400000|100%| O|  |TAMS 0x000000008b300000, 0x000000008b300000| Untracked 
| 180|0x000000008b400000, 0x000000008b500000, 0x000000008b500000|100%| O|  |TAMS 0x000000008b400000, 0x000000008b400000| Untracked 
| 181|0x000000008b500000, 0x000000008b600000, 0x000000008b600000|100%| O|  |TAMS 0x000000008b500000, 0x000000008b500000| Untracked 
| 182|0x000000008b600000, 0x000000008b700000, 0x000000008b700000|100%| O|  |TAMS 0x000000008b600000, 0x000000008b600000| Untracked 
| 183|0x000000008b700000, 0x000000008b800000, 0x000000008b800000|100%| O|  |TAMS 0x000000008b700000, 0x000000008b700000| Untracked 
| 184|0x000000008b800000, 0x000000008b900000, 0x000000008b900000|100%| O|  |TAMS 0x000000008b800000, 0x000000008b800000| Untracked 
| 185|0x000000008b900000, 0x000000008ba00000, 0x000000008ba00000|100%| O|  |TAMS 0x000000008b900000, 0x000000008b900000| Untracked 
| 186|0x000000008ba00000, 0x000000008bb00000, 0x000000008bb00000|100%| O|  |TAMS 0x000000008ba00000, 0x000000008ba00000| Untracked 
| 187|0x000000008bb00000, 0x000000008bc00000, 0x000000008bc00000|100%| O|  |TAMS 0x000000008bb00000, 0x000000008bb00000| Untracked 
| 188|0x000000008bc00000, 0x000000008bd00000, 0x000000008bd00000|100%| O|  |TAMS 0x000000008bc00000, 0x000000008bc00000| Untracked 
| 189|0x000000008bd00000, 0x000000008be00000, 0x000000008be00000|100%| O|  |TAMS 0x000000008bd00000, 0x000000008bd00000| Untracked 
| 190|0x000000008be00000, 0x000000008bf00000, 0x000000008bf00000|100%| O|  |TAMS 0x000000008be00000, 0x000000008be00000| Untracked 
| 191|0x000000008bf00000, 0x000000008bfb0600, 0x000000008c000000| 68%| O|  |TAMS 0x000000008bf00000, 0x000000008bf00000| Untracked 
| 192|0x000000008c000000, 0x000000008c000000, 0x000000008c100000|  0%| F|  |TAMS 0x000000008c000000, 0x000000008c000000| Untracked 
| 193|0x000000008c100000, 0x000000008c100000, 0x000000008c200000|  0%| F|  |TAMS 0x000000008c100000, 0x000000008c100000| Untracked 
| 194|0x000000008c200000, 0x000000008c200000, 0x000000008c300000|  0%| F|  |TAMS 0x000000008c200000, 0x000000008c200000| Untracked 
| 195|0x000000008c300000, 0x000000008c300000, 0x000000008c400000|  0%| F|  |TAMS 0x000000008c300000, 0x000000008c300000| Untracked 
| 196|0x000000008c400000, 0x000000008c400000, 0x000000008c500000|  0%| F|  |TAMS 0x000000008c400000, 0x000000008c400000| Untracked 
| 197|0x000000008c500000, 0x000000008c500000, 0x000000008c600000|  0%| F|  |TAMS 0x000000008c500000, 0x000000008c500000| Untracked 
| 198|0x000000008c600000, 0x000000008c600000, 0x000000008c700000|  0%| F|  |TAMS 0x000000008c600000, 0x000000008c600000| Untracked 
| 199|0x000000008c700000, 0x000000008c700000, 0x000000008c800000|  0%| F|  |TAMS 0x000000008c700000, 0x000000008c700000| Untracked 
| 200|0x000000008c800000, 0x000000008c800000, 0x000000008c900000|  0%| F|  |TAMS 0x000000008c800000, 0x000000008c800000| Untracked 
| 201|0x000000008c900000, 0x000000008c900000, 0x000000008ca00000|  0%| F|  |TAMS 0x000000008c900000, 0x000000008c900000| Untracked 
| 202|0x000000008ca00000, 0x000000008ca00000, 0x000000008cb00000|  0%| F|  |TAMS 0x000000008ca00000, 0x000000008ca00000| Untracked 
| 203|0x000000008cb00000, 0x000000008cb00000, 0x000000008cc00000|  0%| F|  |TAMS 0x000000008cb00000, 0x000000008cb00000| Untracked 
| 204|0x000000008cc00000, 0x000000008cc00000, 0x000000008cd00000|  0%| F|  |TAMS 0x000000008cc00000, 0x000000008cc00000| Untracked 
| 205|0x000000008cd00000, 0x000000008cd00000, 0x000000008ce00000|  0%| F|  |TAMS 0x000000008cd00000, 0x000000008cd00000| Untracked 
| 206|0x000000008ce00000, 0x000000008ce00000, 0x000000008cf00000|  0%| F|  |TAMS 0x000000008ce00000, 0x000000008ce00000| Untracked 
| 207|0x000000008cf00000, 0x000000008cf00000, 0x000000008d000000|  0%| F|  |TAMS 0x000000008cf00000, 0x000000008cf00000| Untracked 
| 208|0x000000008d000000, 0x000000008d000000, 0x000000008d100000|  0%| F|  |TAMS 0x000000008d000000, 0x000000008d000000| Untracked 
| 209|0x000000008d100000, 0x000000008d100000, 0x000000008d200000|  0%| F|  |TAMS 0x000000008d100000, 0x000000008d100000| Untracked 
| 210|0x000000008d200000, 0x000000008d200000, 0x000000008d300000|  0%| F|  |TAMS 0x000000008d200000, 0x000000008d200000| Untracked 
| 211|0x000000008d300000, 0x000000008d300000, 0x000000008d400000|  0%| F|  |TAMS 0x000000008d300000, 0x000000008d300000| Untracked 
| 212|0x000000008d400000, 0x000000008d400000, 0x000000008d500000|  0%| F|  |TAMS 0x000000008d400000, 0x000000008d400000| Untracked 
| 213|0x000000008d500000, 0x000000008d500000, 0x000000008d600000|  0%| F|  |TAMS 0x000000008d500000, 0x000000008d500000| Untracked 
| 214|0x000000008d600000, 0x000000008d600000, 0x000000008d700000|  0%| F|  |TAMS 0x000000008d600000, 0x000000008d600000| Untracked 
| 215|0x000000008d700000, 0x000000008d700000, 0x000000008d800000|  0%| F|  |TAMS 0x000000008d700000, 0x000000008d700000| Untracked 
| 216|0x000000008d800000, 0x000000008d800000, 0x000000008d900000|  0%| F|  |TAMS 0x000000008d800000, 0x000000008d800000| Untracked 
| 217|0x000000008d900000, 0x000000008d900000, 0x000000008da00000|  0%| F|  |TAMS 0x000000008d900000, 0x000000008d900000| Untracked 
| 218|0x000000008da00000, 0x000000008da00000, 0x000000008db00000|  0%| F|  |TAMS 0x000000008da00000, 0x000000008da00000| Untracked 
| 219|0x000000008db00000, 0x000000008db00000, 0x000000008dc00000|  0%| F|  |TAMS 0x000000008db00000, 0x000000008db00000| Untracked 
| 220|0x000000008dc00000, 0x000000008dc00000, 0x000000008dd00000|  0%| F|  |TAMS 0x000000008dc00000, 0x000000008dc00000| Untracked 
| 221|0x000000008dd00000, 0x000000008dd00000, 0x000000008de00000|  0%| F|  |TAMS 0x000000008dd00000, 0x000000008dd00000| Untracked 
| 222|0x000000008de00000, 0x000000008de00000, 0x000000008df00000|  0%| F|  |TAMS 0x000000008de00000, 0x000000008de00000| Untracked 
| 223|0x000000008df00000, 0x000000008df00000, 0x000000008e000000|  0%| F|  |TAMS 0x000000008df00000, 0x000000008df00000| Untracked 
| 224|0x000000008e000000, 0x000000008e000000, 0x000000008e100000|  0%| F|  |TAMS 0x000000008e000000, 0x000000008e000000| Untracked 
| 225|0x000000008e100000, 0x000000008e100000, 0x000000008e200000|  0%| F|  |TAMS 0x000000008e100000, 0x000000008e100000| Untracked 
| 226|0x000000008e200000, 0x000000008e200000, 0x000000008e300000|  0%| F|  |TAMS 0x000000008e200000, 0x000000008e200000| Untracked 
| 227|0x000000008e300000, 0x000000008e300000, 0x000000008e400000|  0%| F|  |TAMS 0x000000008e300000, 0x000000008e300000| Untracked 
| 228|0x000000008e400000, 0x000000008e400000, 0x000000008e500000|  0%| F|  |TAMS 0x000000008e400000, 0x000000008e400000| Untracked 
| 229|0x000000008e500000, 0x000000008e500000, 0x000000008e600000|  0%| F|  |TAMS 0x000000008e500000, 0x000000008e500000| Untracked 
| 230|0x000000008e600000, 0x000000008e600000, 0x000000008e700000|  0%| F|  |TAMS 0x000000008e600000, 0x000000008e600000| Untracked 
| 231|0x000000008e700000, 0x000000008e700000, 0x000000008e800000|  0%| F|  |TAMS 0x000000008e700000, 0x000000008e700000| Untracked 
| 232|0x000000008e800000, 0x000000008e800000, 0x000000008e900000|  0%| F|  |TAMS 0x000000008e800000, 0x000000008e800000| Untracked 
| 233|0x000000008e900000, 0x000000008e900000, 0x000000008ea00000|  0%| F|  |TAMS 0x000000008e900000, 0x000000008e900000| Untracked 
| 234|0x000000008ea00000, 0x000000008ea00000, 0x000000008eb00000|  0%| F|  |TAMS 0x000000008ea00000, 0x000000008ea00000| Untracked 
| 235|0x000000008eb00000, 0x000000008ebe2600, 0x000000008ec00000| 88%| S|CS|TAMS 0x000000008eb00000, 0x000000008eb00000| Complete 
| 236|0x000000008ec00000, 0x000000008ed00000, 0x000000008ed00000|100%| S|CS|TAMS 0x000000008ec00000, 0x000000008ec00000| Complete 
| 237|0x000000008ed00000, 0x000000008ee00000, 0x000000008ee00000|100%| S|CS|TAMS 0x000000008ed00000, 0x000000008ed00000| Complete 
| 238|0x000000008ee00000, 0x000000008ef00000, 0x000000008ef00000|100%| S|CS|TAMS 0x000000008ee00000, 0x000000008ee00000| Complete 
| 239|0x000000008ef00000, 0x000000008f000000, 0x000000008f000000|100%| S|CS|TAMS 0x000000008ef00000, 0x000000008ef00000| Complete 
| 240|0x000000008f000000, 0x000000008f100000, 0x000000008f100000|100%| S|CS|TAMS 0x000000008f000000, 0x000000008f000000| Complete 
| 241|0x000000008f100000, 0x000000008f200000, 0x000000008f200000|100%| S|CS|TAMS 0x000000008f100000, 0x000000008f100000| Complete 
| 242|0x000000008f200000, 0x000000008f300000, 0x000000008f300000|100%| S|CS|TAMS 0x000000008f200000, 0x000000008f200000| Complete 
| 243|0x000000008f300000, 0x000000008f400000, 0x000000008f400000|100%| S|CS|TAMS 0x000000008f300000, 0x000000008f300000| Complete 
| 244|0x000000008f400000, 0x000000008f400000, 0x000000008f500000|  0%| F|  |TAMS 0x000000008f400000, 0x000000008f400000| Untracked 
| 245|0x000000008f500000, 0x000000008f500000, 0x000000008f600000|  0%| F|  |TAMS 0x000000008f500000, 0x000000008f500000| Untracked 
| 246|0x000000008f600000, 0x000000008f600000, 0x000000008f700000|  0%| F|  |TAMS 0x000000008f600000, 0x000000008f600000| Untracked 
| 247|0x000000008f700000, 0x000000008f700000, 0x000000008f800000|  0%| F|  |TAMS 0x000000008f700000, 0x000000008f700000| Untracked 
| 248|0x000000008f800000, 0x000000008f800000, 0x000000008f900000|  0%| F|  |TAMS 0x000000008f800000, 0x000000008f800000| Untracked 
| 249|0x000000008f900000, 0x000000008f900000, 0x000000008fa00000|  0%| F|  |TAMS 0x000000008f900000, 0x000000008f900000| Untracked 
| 250|0x000000008fa00000, 0x000000008fa00000, 0x000000008fb00000|  0%| F|  |TAMS 0x000000008fa00000, 0x000000008fa00000| Untracked 
| 251|0x000000008fb00000, 0x000000008fb00000, 0x000000008fc00000|  0%| F|  |TAMS 0x000000008fb00000, 0x000000008fb00000| Untracked 
| 252|0x000000008fc00000, 0x000000008fc00000, 0x000000008fd00000|  0%| F|  |TAMS 0x000000008fc00000, 0x000000008fc00000| Untracked 
| 253|0x000000008fd00000, 0x000000008fd00000, 0x000000008fe00000|  0%| F|  |TAMS 0x000000008fd00000, 0x000000008fd00000| Untracked 
| 254|0x000000008fe00000, 0x000000008fe00000, 0x000000008ff00000|  0%| F|  |TAMS 0x000000008fe00000, 0x000000008fe00000| Untracked 
| 255|0x000000008ff00000, 0x000000008ff00000, 0x0000000090000000|  0%| F|  |TAMS 0x000000008ff00000, 0x000000008ff00000| Untracked 
| 256|0x0000000090000000, 0x0000000090000000, 0x0000000090100000|  0%| F|  |TAMS 0x0000000090000000, 0x0000000090000000| Untracked 
| 257|0x0000000090100000, 0x0000000090100000, 0x0000000090200000|  0%| F|  |TAMS 0x0000000090100000, 0x0000000090100000| Untracked 
| 258|0x0000000090200000, 0x0000000090200000, 0x0000000090300000|  0%| F|  |TAMS 0x0000000090200000, 0x0000000090200000| Untracked 
| 259|0x0000000090300000, 0x0000000090300000, 0x0000000090400000|  0%| F|  |TAMS 0x0000000090300000, 0x0000000090300000| Untracked 
| 260|0x0000000090400000, 0x0000000090411ce0, 0x0000000090500000|  6%| E|  |TAMS 0x0000000090400000, 0x0000000090400000| Complete 
| 261|0x0000000090500000, 0x0000000090600000, 0x0000000090600000|100%| E|CS|TAMS 0x0000000090500000, 0x0000000090500000| Complete 
| 262|0x0000000090600000, 0x0000000090700000, 0x0000000090700000|100%| E|CS|TAMS 0x0000000090600000, 0x0000000090600000| Complete 
| 263|0x0000000090700000, 0x0000000090800000, 0x0000000090800000|100%| E|CS|TAMS 0x0000000090700000, 0x0000000090700000| Complete 
| 264|0x0000000090800000, 0x0000000090900000, 0x0000000090900000|100%| E|CS|TAMS 0x0000000090800000, 0x0000000090800000| Complete 
| 265|0x0000000090900000, 0x0000000090a00000, 0x0000000090a00000|100%| E|CS|TAMS 0x0000000090900000, 0x0000000090900000| Complete 
| 266|0x0000000090a00000, 0x0000000090b00000, 0x0000000090b00000|100%| E|CS|TAMS 0x0000000090a00000, 0x0000000090a00000| Complete 
| 267|0x0000000090b00000, 0x0000000090c00000, 0x0000000090c00000|100%| E|CS|TAMS 0x0000000090b00000, 0x0000000090b00000| Complete 
| 268|0x0000000090c00000, 0x0000000090d00000, 0x0000000090d00000|100%| E|CS|TAMS 0x0000000090c00000, 0x0000000090c00000| Complete 
| 269|0x0000000090d00000, 0x0000000090e00000, 0x0000000090e00000|100%| E|CS|TAMS 0x0000000090d00000, 0x0000000090d00000| Complete 
| 270|0x0000000090e00000, 0x0000000090f00000, 0x0000000090f00000|100%| E|CS|TAMS 0x0000000090e00000, 0x0000000090e00000| Complete 
| 271|0x0000000090f00000, 0x0000000091000000, 0x0000000091000000|100%| E|CS|TAMS 0x0000000090f00000, 0x0000000090f00000| Complete 
| 272|0x0000000091000000, 0x0000000091100000, 0x0000000091100000|100%| E|CS|TAMS 0x0000000091000000, 0x0000000091000000| Complete 
| 273|0x0000000091100000, 0x0000000091200000, 0x0000000091200000|100%| E|CS|TAMS 0x0000000091100000, 0x0000000091100000| Complete 
| 274|0x0000000091200000, 0x0000000091300000, 0x0000000091300000|100%| E|CS|TAMS 0x0000000091200000, 0x0000000091200000| Complete 
| 275|0x0000000091300000, 0x0000000091400000, 0x0000000091400000|100%| E|CS|TAMS 0x0000000091300000, 0x0000000091300000| Complete 
| 276|0x0000000091400000, 0x0000000091500000, 0x0000000091500000|100%| E|CS|TAMS 0x0000000091400000, 0x0000000091400000| Complete 
| 277|0x0000000091500000, 0x0000000091600000, 0x0000000091600000|100%| E|CS|TAMS 0x0000000091500000, 0x0000000091500000| Complete 
| 278|0x0000000091600000, 0x0000000091700000, 0x0000000091700000|100%| E|CS|TAMS 0x0000000091600000, 0x0000000091600000| Complete 
| 279|0x0000000091700000, 0x0000000091800000, 0x0000000091800000|100%| E|CS|TAMS 0x0000000091700000, 0x0000000091700000| Complete 
| 280|0x0000000091800000, 0x0000000091900000, 0x0000000091900000|100%| E|CS|TAMS 0x0000000091800000, 0x0000000091800000| Complete 
| 281|0x0000000091900000, 0x0000000091a00000, 0x0000000091a00000|100%| E|CS|TAMS 0x0000000091900000, 0x0000000091900000| Complete 
| 282|0x0000000091a00000, 0x0000000091b00000, 0x0000000091b00000|100%| E|CS|TAMS 0x0000000091a00000, 0x0000000091a00000| Complete 
| 283|0x0000000091b00000, 0x0000000091c00000, 0x0000000091c00000|100%| E|CS|TAMS 0x0000000091b00000, 0x0000000091b00000| Complete 
| 284|0x0000000091c00000, 0x0000000091d00000, 0x0000000091d00000|100%| E|CS|TAMS 0x0000000091c00000, 0x0000000091c00000| Complete 
| 285|0x0000000091d00000, 0x0000000091e00000, 0x0000000091e00000|100%| E|  |TAMS 0x0000000091d00000, 0x0000000091d00000| Complete 
| 286|0x0000000091e00000, 0x0000000091f00000, 0x0000000091f00000|100%| E|CS|TAMS 0x0000000091e00000, 0x0000000091e00000| Complete 
| 287|0x0000000091f00000, 0x0000000092000000, 0x0000000092000000|100%| E|CS|TAMS 0x0000000091f00000, 0x0000000091f00000| Complete 
| 288|0x0000000092000000, 0x0000000092100000, 0x0000000092100000|100%| E|CS|TAMS 0x0000000092000000, 0x0000000092000000| Complete 
| 289|0x0000000092100000, 0x0000000092200000, 0x0000000092200000|100%| E|CS|TAMS 0x0000000092100000, 0x0000000092100000| Complete 
| 290|0x0000000092200000, 0x0000000092300000, 0x0000000092300000|100%| E|CS|TAMS 0x0000000092200000, 0x0000000092200000| Complete 
| 291|0x0000000092300000, 0x0000000092400000, 0x0000000092400000|100%| E|CS|TAMS 0x0000000092300000, 0x0000000092300000| Complete 
| 292|0x0000000092400000, 0x0000000092500000, 0x0000000092500000|100%| E|CS|TAMS 0x0000000092400000, 0x0000000092400000| Complete 
| 293|0x0000000092500000, 0x0000000092600000, 0x0000000092600000|100%| E|CS|TAMS 0x0000000092500000, 0x0000000092500000| Complete 
| 294|0x0000000092600000, 0x0000000092700000, 0x0000000092700000|100%| E|CS|TAMS 0x0000000092600000, 0x0000000092600000| Complete 
| 295|0x0000000092700000, 0x0000000092800000, 0x0000000092800000|100%| E|CS|TAMS 0x0000000092700000, 0x0000000092700000| Complete 
| 296|0x0000000092800000, 0x0000000092900000, 0x0000000092900000|100%| E|CS|TAMS 0x0000000092800000, 0x0000000092800000| Complete 
| 297|0x0000000092900000, 0x0000000092a00000, 0x0000000092a00000|100%| E|CS|TAMS 0x0000000092900000, 0x0000000092900000| Complete 
| 298|0x0000000092a00000, 0x0000000092b00000, 0x0000000092b00000|100%| E|CS|TAMS 0x0000000092a00000, 0x0000000092a00000| Complete 
| 299|0x0000000092b00000, 0x0000000092c00000, 0x0000000092c00000|100%| E|CS|TAMS 0x0000000092b00000, 0x0000000092b00000| Complete 
| 300|0x0000000092c00000, 0x0000000092d00000, 0x0000000092d00000|100%| E|CS|TAMS 0x0000000092c00000, 0x0000000092c00000| Complete 
| 301|0x0000000092d00000, 0x0000000092e00000, 0x0000000092e00000|100%| E|CS|TAMS 0x0000000092d00000, 0x0000000092d00000| Complete 
| 302|0x0000000092e00000, 0x0000000092f00000, 0x0000000092f00000|100%| E|CS|TAMS 0x0000000092e00000, 0x0000000092e00000| Complete 
| 303|0x0000000092f00000, 0x0000000093000000, 0x0000000093000000|100%| E|CS|TAMS 0x0000000092f00000, 0x0000000092f00000| Complete 
| 304|0x0000000093000000, 0x0000000093100000, 0x0000000093100000|100%| E|CS|TAMS 0x0000000093000000, 0x0000000093000000| Complete 
| 305|0x0000000093100000, 0x0000000093200000, 0x0000000093200000|100%| E|CS|TAMS 0x0000000093100000, 0x0000000093100000| Complete 
| 306|0x0000000093200000, 0x0000000093300000, 0x0000000093300000|100%| E|CS|TAMS 0x0000000093200000, 0x0000000093200000| Complete 
| 307|0x0000000093300000, 0x0000000093400000, 0x0000000093400000|100%| E|CS|TAMS 0x0000000093300000, 0x0000000093300000| Complete 
| 308|0x0000000093400000, 0x0000000093500000, 0x0000000093500000|100%| E|CS|TAMS 0x0000000093400000, 0x0000000093400000| Complete 
| 309|0x0000000093500000, 0x0000000093600000, 0x0000000093600000|100%| E|CS|TAMS 0x0000000093500000, 0x0000000093500000| Complete 
| 310|0x0000000093600000, 0x0000000093700000, 0x0000000093700000|100%| E|CS|TAMS 0x0000000093600000, 0x0000000093600000| Complete 
| 311|0x0000000093700000, 0x0000000093800000, 0x0000000093800000|100%| E|CS|TAMS 0x0000000093700000, 0x0000000093700000| Complete 
| 312|0x0000000093800000, 0x0000000093900000, 0x0000000093900000|100%| E|CS|TAMS 0x0000000093800000, 0x0000000093800000| Complete 
| 313|0x0000000093900000, 0x0000000093a00000, 0x0000000093a00000|100%| E|CS|TAMS 0x0000000093900000, 0x0000000093900000| Complete 
| 314|0x0000000093a00000, 0x0000000093b00000, 0x0000000093b00000|100%| E|CS|TAMS 0x0000000093a00000, 0x0000000093a00000| Complete 
| 315|0x0000000093b00000, 0x0000000093c00000, 0x0000000093c00000|100%| E|CS|TAMS 0x0000000093b00000, 0x0000000093b00000| Complete 
| 316|0x0000000093c00000, 0x0000000093d00000, 0x0000000093d00000|100%| E|CS|TAMS 0x0000000093c00000, 0x0000000093c00000| Complete 
| 317|0x0000000093d00000, 0x0000000093e00000, 0x0000000093e00000|100%| E|CS|TAMS 0x0000000093d00000, 0x0000000093d00000| Complete 
| 318|0x0000000093e00000, 0x0000000093f00000, 0x0000000093f00000|100%| E|CS|TAMS 0x0000000093e00000, 0x0000000093e00000| Complete 
| 319|0x0000000093f00000, 0x0000000094000000, 0x0000000094000000|100%| E|CS|TAMS 0x0000000093f00000, 0x0000000093f00000| Complete 
| 320|0x0000000094000000, 0x0000000094100000, 0x0000000094100000|100%| E|CS|TAMS 0x0000000094000000, 0x0000000094000000| Complete 
| 321|0x0000000094100000, 0x0000000094200000, 0x0000000094200000|100%| E|CS|TAMS 0x0000000094100000, 0x0000000094100000| Complete 
| 322|0x0000000094200000, 0x0000000094300000, 0x0000000094300000|100%| E|CS|TAMS 0x0000000094200000, 0x0000000094200000| Complete 
| 323|0x0000000094300000, 0x0000000094400000, 0x0000000094400000|100%| E|CS|TAMS 0x0000000094300000, 0x0000000094300000| Complete 
| 324|0x0000000094400000, 0x0000000094500000, 0x0000000094500000|100%| E|CS|TAMS 0x0000000094400000, 0x0000000094400000| Complete 
| 325|0x0000000094500000, 0x0000000094600000, 0x0000000094600000|100%| E|CS|TAMS 0x0000000094500000, 0x0000000094500000| Complete 
| 326|0x0000000094600000, 0x0000000094700000, 0x0000000094700000|100%| E|CS|TAMS 0x0000000094600000, 0x0000000094600000| Complete 
| 327|0x0000000094700000, 0x0000000094800000, 0x0000000094800000|100%| E|CS|TAMS 0x0000000094700000, 0x0000000094700000| Complete 
| 328|0x0000000094800000, 0x0000000094900000, 0x0000000094900000|100%| E|CS|TAMS 0x0000000094800000, 0x0000000094800000| Complete 
| 329|0x0000000094900000, 0x0000000094a00000, 0x0000000094a00000|100%| E|CS|TAMS 0x0000000094900000, 0x0000000094900000| Complete 
| 330|0x0000000094a00000, 0x0000000094b00000, 0x0000000094b00000|100%| E|CS|TAMS 0x0000000094a00000, 0x0000000094a00000| Complete 
| 331|0x0000000094b00000, 0x0000000094c00000, 0x0000000094c00000|100%| E|CS|TAMS 0x0000000094b00000, 0x0000000094b00000| Complete 
| 332|0x0000000094c00000, 0x0000000094d00000, 0x0000000094d00000|100%| E|CS|TAMS 0x0000000094c00000, 0x0000000094c00000| Complete 
| 333|0x0000000094d00000, 0x0000000094e00000, 0x0000000094e00000|100%| E|CS|TAMS 0x0000000094d00000, 0x0000000094d00000| Complete 
| 334|0x0000000094e00000, 0x0000000094f00000, 0x0000000094f00000|100%| E|CS|TAMS 0x0000000094e00000, 0x0000000094e00000| Complete 
| 335|0x0000000094f00000, 0x0000000095000000, 0x0000000095000000|100%| E|CS|TAMS 0x0000000094f00000, 0x0000000094f00000| Complete 
| 336|0x0000000095000000, 0x0000000095100000, 0x0000000095100000|100%| E|CS|TAMS 0x0000000095000000, 0x0000000095000000| Complete 
| 337|0x0000000095100000, 0x0000000095200000, 0x0000000095200000|100%| E|CS|TAMS 0x0000000095100000, 0x0000000095100000| Complete 
| 338|0x0000000095200000, 0x0000000095300000, 0x0000000095300000|100%| E|CS|TAMS 0x0000000095200000, 0x0000000095200000| Complete 
| 339|0x0000000095300000, 0x0000000095400000, 0x0000000095400000|100%| E|CS|TAMS 0x0000000095300000, 0x0000000095300000| Complete 
| 340|0x0000000095400000, 0x0000000095500000, 0x0000000095500000|100%| E|CS|TAMS 0x0000000095400000, 0x0000000095400000| Complete 
| 341|0x0000000095500000, 0x0000000095600000, 0x0000000095600000|100%| E|CS|TAMS 0x0000000095500000, 0x0000000095500000| Complete 
| 342|0x0000000095600000, 0x0000000095700000, 0x0000000095700000|100%| E|CS|TAMS 0x0000000095600000, 0x0000000095600000| Complete 
| 343|0x0000000095700000, 0x0000000095800000, 0x0000000095800000|100%| E|CS|TAMS 0x0000000095700000, 0x0000000095700000| Complete 
| 344|0x0000000095800000, 0x0000000095900000, 0x0000000095900000|100%| E|CS|TAMS 0x0000000095800000, 0x0000000095800000| Complete 
| 345|0x0000000095900000, 0x0000000095a00000, 0x0000000095a00000|100%| E|CS|TAMS 0x0000000095900000, 0x0000000095900000| Complete 
| 346|0x0000000095a00000, 0x0000000095b00000, 0x0000000095b00000|100%| E|CS|TAMS 0x0000000095a00000, 0x0000000095a00000| Complete 
| 347|0x0000000095b00000, 0x0000000095c00000, 0x0000000095c00000|100%| E|CS|TAMS 0x0000000095b00000, 0x0000000095b00000| Complete 
| 348|0x0000000095c00000, 0x0000000095d00000, 0x0000000095d00000|100%| E|CS|TAMS 0x0000000095c00000, 0x0000000095c00000| Complete 
| 349|0x0000000095d00000, 0x0000000095e00000, 0x0000000095e00000|100%| E|CS|TAMS 0x0000000095d00000, 0x0000000095d00000| Complete 
| 350|0x0000000095e00000, 0x0000000095f00000, 0x0000000095f00000|100%| E|CS|TAMS 0x0000000095e00000, 0x0000000095e00000| Complete 
| 351|0x0000000095f00000, 0x0000000096000000, 0x0000000096000000|100%| E|CS|TAMS 0x0000000095f00000, 0x0000000095f00000| Complete 
| 352|0x0000000096000000, 0x0000000096100000, 0x0000000096100000|100%| E|CS|TAMS 0x0000000096000000, 0x0000000096000000| Complete 
| 353|0x0000000096100000, 0x0000000096200000, 0x0000000096200000|100%| E|CS|TAMS 0x0000000096100000, 0x0000000096100000| Complete 
| 354|0x0000000096200000, 0x0000000096300000, 0x0000000096300000|100%| E|CS|TAMS 0x0000000096200000, 0x0000000096200000| Complete 
| 355|0x0000000096300000, 0x0000000096400000, 0x0000000096400000|100%| E|CS|TAMS 0x0000000096300000, 0x0000000096300000| Complete 
| 356|0x0000000096400000, 0x0000000096500000, 0x0000000096500000|100%| E|CS|TAMS 0x0000000096400000, 0x0000000096400000| Complete 
| 357|0x0000000096500000, 0x0000000096600000, 0x0000000096600000|100%| E|CS|TAMS 0x0000000096500000, 0x0000000096500000| Complete 
| 358|0x0000000096600000, 0x0000000096700000, 0x0000000096700000|100%| E|CS|TAMS 0x0000000096600000, 0x0000000096600000| Complete 
| 359|0x0000000096700000, 0x0000000096800000, 0x0000000096800000|100%| E|CS|TAMS 0x0000000096700000, 0x0000000096700000| Complete 

Card table byte_map: [0x000001ceafd40000,0x000001ceb0140000] _byte_map_base: 0x000001ceaf940000

Marking Bits (Prev, Next): (CMBitMap*) 0x000001ce9cf79ed0, (CMBitMap*) 0x000001ce9cf79f10
 Prev Bits: [0x000001ceb0540000, 0x000001ceb2540000)
 Next Bits: [0x000001ceb2540000, 0x000001ceb4540000)

Polling page: 0x000001ce9aef0000

Metaspace:

Usage:
  Non-class:    108.83 MB used.
      Class:     16.26 MB used.
       Both:    125.09 MB used.

Virtual space:
  Non-class space:      112.00 MB reserved,     109.31 MB ( 98%) committed,  14 nodes.
      Class space:        1.00 GB reserved,      16.75 MB (  2%) committed,  1 nodes.
             Both:        1.11 GB reserved,     126.06 MB ( 11%) committed. 

Chunk freelists:
   Non-Class:  2.38 MB
       Class:  3.20 MB
        Both:  5.58 MB

MaxMetaspaceSize: unlimited
CompressedClassSpaceSize: 1.00 GB
Initial GC threshold: 21.00 MB
Current GC threshold: 158.06 MB
CDS: off
MetaspaceReclaimPolicy: balanced
 - commit_granule_bytes: 65536.
 - commit_granule_words: 8192.
 - virtual_space_node_default_size: 1048576.
 - enlarge_chunks_in_place: 1.
 - new_chunks_are_fully_committed: 0.
 - uncommit_free_chunks: 1.
 - use_allocation_guard: 0.
 - handle_deallocations: 1.


Internal statistics:

num_allocs_failed_limit: 3.
num_arena_births: 1560.
num_arena_deaths: 0.
num_vsnodes_births: 15.
num_vsnodes_deaths: 0.
num_space_committed: 2015.
num_space_uncommitted: 0.
num_chunks_returned_to_freelist: 3.
num_chunks_taken_from_freelist: 6456.
num_chunk_merges: 3.
num_chunk_splits: 4171.
num_chunks_enlarged: 2661.
num_purges: 0.
num_inconsistent_stats: 0.

CodeHeap 'non-profiled nmethods': size=120000Kb used=9891Kb max_used=10063Kb free=110109Kb
 bounds [0x000001cea7ec0000, 0x000001cea88c0000, 0x000001ceaf3f0000]
CodeHeap 'profiled nmethods': size=120000Kb used=26438Kb max_used=28477Kb free=93561Kb
 bounds [0x000001cea03f0000, 0x000001cea1fd0000, 0x000001cea7920000]
CodeHeap 'non-nmethods': size=5760Kb used=2499Kb max_used=2611Kb free=3260Kb
 bounds [0x000001cea7920000, 0x000001cea7bd0000, 0x000001cea7ec0000]
 total_blobs=14778 nmethods=13732 adapters=957
 compilation: enabled
              stopped_count=0, restarted_count=0
 full_count=0

Compilation events (20 events):
Event: 65.676 Thread 0x000001ceb7c8b410 16871       3       org.gradle.internal.component.external.model.DefaultConfigurationMetadata::access$001 (5 bytes)
Event: 65.676 Thread 0x000001ceb7c8b410 nmethod 16871 0x000001cea0913e10 code [0x000001cea0913fa0, 0x000001cea09140c8]
Event: 65.676 Thread 0x000001ceb7c8b410 16872       3       org.gradle.internal.component.external.model.maven.DefaultMavenModuleResolveMetadata$1::create (5 bytes)
Event: 65.676 Thread 0x000001ceb7c8b410 nmethod 16872 0x000001cea15fed10 code [0x000001cea15feec0, 0x000001cea15ff0e8]
Event: 65.676 Thread 0x000001ceb7c8b410 16873       3       org.gradle.internal.component.external.model.maven.DefaultMavenModuleResolveMetadata$1::create (12 bytes)
Event: 65.676 Thread 0x000001ceb7c8b410 nmethod 16873 0x000001cea0eed110 code [0x000001cea0eed2c0, 0x000001cea0eed468]
Event: 65.676 Thread 0x000001ceb7c8b410 16874       3       org.gradle.internal.component.external.model.maven.DefaultMavenModuleResolveMetadata::access$000 (6 bytes)
Event: 65.676 Thread 0x000001ceb7c8b410 nmethod 16874 0x000001cea09fd310 code [0x000001cea09fd4a0, 0x000001cea09fd5c8]
Event: 65.677 Thread 0x000001ceb7c8b410 16876       3       org.gradle.api.internal.artifacts.ivyservice.modulecache.MissingModuleCacheEntry::<init> (8 bytes)
Event: 65.677 Thread 0x000001ceb7c8b410 nmethod 16876 0x000001cea0fdf010 code [0x000001cea0fdf1c0, 0x000001cea0fdf398]
Event: 65.680 Thread 0x000001ceb7c8b410 16877       3       org.gradle.api.internal.artifacts.ivyservice.resolveengine.result.DefaultComponentSelectionDescriptor::<init> (85 bytes)
Event: 65.680 Thread 0x000001ceb7c8b410 nmethod 16877 0x000001cea059a610 code [0x000001cea059a800, 0x000001cea059ad88]
Event: 65.700 Thread 0x000001ceb7c8b410 16878       3       org.gradle.internal.component.external.model.DefaultConfigurationMetadata::getConfigDependencies (136 bytes)
Event: 65.700 Thread 0x000001ceb7c8b410 nmethod 16878 0x000001cea057e610 code [0x000001cea057e800, 0x000001cea057ecd8]
Event: 65.712 Thread 0x000001ceb7c8b410 16879       1       org.gradle.api.internal.artifacts.ivyservice.resolveengine.graph.builder.RootNode::isRoot (2 bytes)
Event: 65.712 Thread 0x000001ceb7c8b410 nmethod 16879 0x000001cea8559610 code [0x000001cea85597a0, 0x000001cea8559878]
Event: 65.715 Thread 0x000001ceb7c8b410 16880       3       org.gradle.internal.component.external.descriptor.DefaultExclude::equals (91 bytes)
Event: 65.715 Thread 0x000001ceb7c8b410 nmethod 16880 0x000001cea0b98210 code [0x000001cea0b98440, 0x000001cea0b98dd8]
Event: 65.730 Thread 0x000001ceb7c8b410 16881       3       java.util.AbstractCollection::containsAll (38 bytes)
Event: 65.730 Thread 0x000001ceb7c8b410 nmethod 16881 0x000001cea0594d10 code [0x000001cea0594f00, 0x000001cea0595438]

GC Heap History (20 events):
Event: 16.113 GC heap before
{Heap before GC invocations=67 (full 0):
 garbage-first heap   total 290816K, used 256993K [0x0000000080000000, 0x0000000100000000)
  region size 1024K, 71 young (72704K), 1 survivors (1024K)
 Metaspace       used 95224K, committed 96000K, reserved 1138688K
  class space    used 12851K, committed 13248K, reserved 1048576K
}
Event: 16.119 GC heap after
{Heap after GC invocations=68 (full 0):
 garbage-first heap   total 290816K, used 179010K [0x0000000080000000, 0x0000000100000000)
  region size 1024K, 9 young (9216K), 9 survivors (9216K)
 Metaspace       used 95224K, committed 96000K, reserved 1138688K
  class space    used 12851K, committed 13248K, reserved 1048576K
}
Event: 17.147 GC heap before
{Heap before GC invocations=69 (full 0):
 garbage-first heap   total 307200K, used 240450K [0x0000000080000000, 0x0000000100000000)
  region size 1024K, 69 young (70656K), 9 survivors (9216K)
 Metaspace       used 104195K, committed 104960K, reserved 1146880K
  class space    used 14009K, committed 14400K, reserved 1048576K
}
Event: 17.154 GC heap after
{Heap after GC invocations=70 (full 0):
 garbage-first heap   total 307200K, used 183832K [0x0000000080000000, 0x0000000100000000)
  region size 1024K, 5 young (5120K), 5 survivors (5120K)
 Metaspace       used 104195K, committed 104960K, reserved 1146880K
  class space    used 14009K, committed 14400K, reserved 1048576K
}
Event: 17.278 GC heap before
{Heap before GC invocations=70 (full 0):
 garbage-first heap   total 307200K, used 194072K [0x0000000080000000, 0x0000000100000000)
  region size 1024K, 15 young (15360K), 5 survivors (5120K)
 Metaspace       used 105850K, committed 106688K, reserved 1146880K
  class space    used 14181K, committed 14592K, reserved 1048576K
}
Event: 17.282 GC heap after
{Heap after GC invocations=71 (full 0):
 garbage-first heap   total 307200K, used 184962K [0x0000000080000000, 0x0000000100000000)
  region size 1024K, 2 young (2048K), 2 survivors (2048K)
 Metaspace       used 105850K, committed 106688K, reserved 1146880K
  class space    used 14181K, committed 14592K, reserved 1048576K
}
Event: 18.947 GC heap before
{Heap before GC invocations=71 (full 0):
 garbage-first heap   total 307200K, used 254594K [0x0000000080000000, 0x0000000100000000)
  region size 1024K, 71 young (72704K), 2 survivors (2048K)
 Metaspace       used 107324K, committed 108160K, reserved 1146880K
  class space    used 14362K, committed 14784K, reserved 1048576K
}
Event: 18.952 GC heap after
{Heap after GC invocations=72 (full 0):
 garbage-first heap   total 368640K, used 188182K [0x0000000080000000, 0x0000000100000000)
  region size 1024K, 5 young (5120K), 5 survivors (5120K)
 Metaspace       used 107324K, committed 108160K, reserved 1146880K
  class space    used 14362K, committed 14784K, reserved 1048576K
}
Event: 23.124 GC heap before
{Heap before GC invocations=72 (full 0):
 garbage-first heap   total 368640K, used 304918K [0x0000000080000000, 0x0000000100000000)
  region size 1024K, 120 young (122880K), 5 survivors (5120K)
 Metaspace       used 115989K, committed 116864K, reserved 1155072K
  class space    used 15341K, committed 15744K, reserved 1048576K
}
Event: 23.133 GC heap after
{Heap after GC invocations=73 (full 0):
 garbage-first heap   total 368640K, used 196466K [0x0000000080000000, 0x0000000100000000)
  region size 1024K, 13 young (13312K), 13 survivors (13312K)
 Metaspace       used 115989K, committed 116864K, reserved 1155072K
  class space    used 15341K, committed 15744K, reserved 1048576K
}
Event: 24.426 GC heap before
{Heap before GC invocations=73 (full 0):
 garbage-first heap   total 368640K, used 297842K [0x0000000080000000, 0x0000000100000000)
  region size 1024K, 113 young (115712K), 13 survivors (13312K)
 Metaspace       used 116081K, committed 116928K, reserved 1155072K
  class space    used 15346K, committed 15744K, reserved 1048576K
}
Event: 24.433 GC heap after
{Heap after GC invocations=74 (full 0):
 garbage-first heap   total 368640K, used 197704K [0x0000000080000000, 0x0000000100000000)
  region size 1024K, 2 young (2048K), 2 survivors (2048K)
 Metaspace       used 116081K, committed 116928K, reserved 1155072K
  class space    used 15346K, committed 15744K, reserved 1048576K
}
Event: 25.491 GC heap before
{Heap before GC invocations=74 (full 0):
 garbage-first heap   total 368640K, used 306248K [0x0000000080000000, 0x0000000100000000)
  region size 1024K, 109 young (111616K), 2 survivors (2048K)
 Metaspace       used 116267K, committed 117120K, reserved 1155072K
  class space    used 15351K, committed 15744K, reserved 1048576K
}
Event: 25.494 GC heap after
{Heap after GC invocations=75 (full 0):
 garbage-first heap   total 368640K, used 197854K [0x0000000080000000, 0x0000000100000000)
  region size 1024K, 3 young (3072K), 3 survivors (3072K)
 Metaspace       used 116267K, committed 117120K, reserved 1155072K
  class space    used 15351K, committed 15744K, reserved 1048576K
}
Event: 26.057 GC heap before
{Heap before GC invocations=75 (full 0):
 garbage-first heap   total 368640K, used 311518K [0x0000000080000000, 0x0000000100000000)
  region size 1024K, 115 young (117760K), 3 survivors (3072K)
 Metaspace       used 118769K, committed 119680K, reserved 1155072K
  class space    used 15647K, committed 16064K, reserved 1048576K
}
Event: 26.064 GC heap after
{Heap after GC invocations=76 (full 0):
 garbage-first heap   total 368640K, used 204014K [0x0000000080000000, 0x0000000100000000)
  region size 1024K, 9 young (9216K), 9 survivors (9216K)
 Metaspace       used 118769K, committed 119680K, reserved 1155072K
  class space    used 15647K, committed 16064K, reserved 1048576K
}
Event: 26.378 GC heap before
{Heap before GC invocations=76 (full 0):
 garbage-first heap   total 368640K, used 310510K [0x0000000080000000, 0x0000000100000000)
  region size 1024K, 114 young (116736K), 9 survivors (9216K)
 Metaspace       used 119658K, committed 120448K, reserved 1155072K
  class space    used 15753K, committed 16128K, reserved 1048576K
}
Event: 26.382 GC heap after
{Heap after GC invocations=77 (full 0):
 garbage-first heap   total 368640K, used 202551K [0x0000000080000000, 0x0000000100000000)
  region size 1024K, 7 young (7168K), 7 survivors (7168K)
 Metaspace       used 119658K, committed 120448K, reserved 1155072K
  class space    used 15753K, committed 16128K, reserved 1048576K
}
Event: 27.446 GC heap before
{Heap before GC invocations=77 (full 0):
 garbage-first heap   total 368640K, used 313143K [0x0000000080000000, 0x0000000100000000)
  region size 1024K, 116 young (118784K), 7 survivors (7168K)
 Metaspace       used 121426K, committed 122240K, reserved 1155072K
  class space    used 15965K, committed 16320K, reserved 1048576K
}
Event: 27.451 GC heap after
{Heap after GC invocations=78 (full 0):
 garbage-first heap   total 368640K, used 205387K [0x0000000080000000, 0x0000000100000000)
  region size 1024K, 9 young (9216K), 9 survivors (9216K)
 Metaspace       used 121426K, committed 122240K, reserved 1155072K
  class space    used 15965K, committed 16320K, reserved 1048576K
}

Dll operation events (2 events):
Event: 0.005 Loaded shared library C:\Program Files\Android\Android Studio\jbr\bin\java.dll
Event: 0.299 Loaded shared library C:\Program Files\Android\Android Studio\jbr\bin\verify.dll

Deoptimization events (20 events):
Event: 65.558 Thread 0x000001cebd581090 Uncommon trap: trap_request=0xffffff45 fr.pc=0x000001cea872fcf8 relative=0x00000000000002f8
Event: 65.558 Thread 0x000001cebd581090 Uncommon trap: reason=unstable_if action=reinterpret pc=0x000001cea872fcf8 method=org.gradle.internal.serialize.AbstractEncoder.getOutputStream()Ljava/io/OutputStream; @ 4 c2
Event: 65.558 Thread 0x000001cebd581090 DEOPT PACKING pc=0x000001cea872fcf8 sp=0x0000002189cfef30
Event: 65.558 Thread 0x000001cebd581090 DEOPT UNPACKING pc=0x000001cea79769a3 sp=0x0000002189cfed70 mode 2
Event: 65.575 Thread 0x000001ceb8a64040 Uncommon trap: trap_request=0xffffff45 fr.pc=0x000001cea876a1c8 relative=0x00000000000013a8
Event: 65.575 Thread 0x000001ceb8a64040 Uncommon trap: reason=unstable_if action=reinterpret pc=0x000001cea876a1c8 method=org.gradle.api.internal.attributes.DefaultImmutableAttributesFactory.concat(Lorg/gradle/api/internal/attributes/ImmutableAttributes;Lorg/gradle/api/internal/attributes/Immut
Event: 65.575 Thread 0x000001ceb8a64040 DEOPT PACKING pc=0x000001cea876a1c8 sp=0x0000002189df8450
Event: 65.575 Thread 0x000001ceb8a64040 DEOPT UNPACKING pc=0x000001cea79769a3 sp=0x0000002189df8428 mode 2
Event: 65.576 Thread 0x000001ceb8a64040 Uncommon trap: trap_request=0xffffffbe fr.pc=0x000001cea805346c relative=0x00000000000001cc
Event: 65.576 Thread 0x000001ceb8a64040 Uncommon trap: reason=profile_predicate action=maybe_recompile pc=0x000001cea805346c method=java.util.LinkedHashMap.keysToArray([Ljava/lang/Object;)[Ljava/lang/Object; @ 12 c2
Event: 65.576 Thread 0x000001ceb8a64040 DEOPT PACKING pc=0x000001cea805346c sp=0x0000002189df7cc0
Event: 65.576 Thread 0x000001ceb8a64040 DEOPT UNPACKING pc=0x000001cea79769a3 sp=0x0000002189df7c78 mode 2
Event: 65.589 Thread 0x000001ceb8a64040 Uncommon trap: trap_request=0xffffff45 fr.pc=0x000001cea8433f94 relative=0x00000000000018b4
Event: 65.589 Thread 0x000001ceb8a64040 Uncommon trap: reason=unstable_if action=reinterpret pc=0x000001cea8433f94 method=org.gradle.api.internal.artifacts.dependencies.DefaultImmutableVersionConstraint.<init>(Ljava/lang/String;Ljava/lang/String;Ljava/lang/String;Ljava/util/List;Ljava/lang/Stri
Event: 65.589 Thread 0x000001ceb8a64040 DEOPT PACKING pc=0x000001cea8433f94 sp=0x0000002189df8650
Event: 65.589 Thread 0x000001ceb8a64040 DEOPT UNPACKING pc=0x000001cea79769a3 sp=0x0000002189df8558 mode 2
Event: 65.592 Thread 0x000001ceb8a64040 Uncommon trap: trap_request=0xfffffff4 fr.pc=0x000001cea876fd60 relative=0x0000000000004080
Event: 65.592 Thread 0x000001ceb8a64040 Uncommon trap: reason=null_check action=make_not_entrant pc=0x000001cea876fd60 method=org.gradle.internal.action.InstantiatingAction.execute(Ljava/lang/Object;)V @ 52 c2
Event: 65.592 Thread 0x000001ceb8a64040 DEOPT PACKING pc=0x000001cea876fd60 sp=0x0000002189df7d00
Event: 65.592 Thread 0x000001ceb8a64040 DEOPT UNPACKING pc=0x000001cea79769a3 sp=0x0000002189df7bc0 mode 2

Classes unloaded (0 events):
No events

Classes redefined (0 events):
No events

Internal exceptions (20 events):
Event: 33.880 Thread 0x000001ceb8a64040 Exception <a 'java/lang/ClassNotFoundException'{0x00000000942e3360}: org/gradle/api/tasks/SourceSetCustomizer> (0x00000000942e3360) 
thrown [s\src\hotspot\share\classfile\systemDictionary.cpp, line 256]
Event: 33.882 Thread 0x000001ceb8a64040 Exception <a 'java/lang/ClassNotFoundException'{0x00000000941552b8}: java/util/LinkedHashMapBeanInfo> (0x00000000941552b8) 
thrown [s\src\hotspot\share\classfile\systemDictionary.cpp, line 256]
Event: 33.882 Thread 0x000001ceb8a64040 Exception <a 'java/lang/ClassNotFoundException'{0x0000000094159830}: java/util/HashMapBeanInfo> (0x0000000094159830) 
thrown [s\src\hotspot\share\classfile\systemDictionary.cpp, line 256]
Event: 33.882 Thread 0x000001ceb8a64040 Exception <a 'java/lang/ClassNotFoundException'{0x000000009415e300}: java/util/AbstractMapBeanInfo> (0x000000009415e300) 
thrown [s\src\hotspot\share\classfile\systemDictionary.cpp, line 256]
Event: 33.882 Thread 0x000001ceb8a64040 Exception <a 'java/lang/ClassNotFoundException'{0x0000000094162878}: java/util/AbstractMapCustomizer> (0x0000000094162878) 
thrown [s\src\hotspot\share\classfile\systemDictionary.cpp, line 256]
Event: 33.882 Thread 0x000001ceb8a64040 Exception <a 'java/lang/ClassNotFoundException'{0x00000000941711d0}: java/util/HashMapCustomizer> (0x00000000941711d0) 
thrown [s\src\hotspot\share\classfile\systemDictionary.cpp, line 256]
Event: 33.883 Thread 0x000001ceb8a64040 Exception <a 'java/lang/ClassNotFoundException'{0x000000009418cae8}: java/util/LinkedHashMapCustomizer> (0x000000009418cae8) 
thrown [s\src\hotspot\share\classfile\systemDictionary.cpp, line 256]
Event: 33.991 Thread 0x000001ceb8c6c370 Exception <a 'java/lang/NoSuchMethodError'{0x0000000093970868}: static Lorg/gradle/internal/classloader/ClassLoaderSpec;.<clinit>()V> (0x0000000093970868) 
thrown [s\src\hotspot\share\prims\jni.cpp, line 1108]
Event: 33.992 Thread 0x000001ceb8c6c370 Exception <a 'java/lang/NoSuchMethodError'{0x00000000939e49b0}: static Lorg/gradle/internal/classloader/VisitableURLClassLoader$Spec;.<clinit>()V> (0x00000000939e49b0) 
thrown [s\src\hotspot\share\prims\jni.cpp, line 1108]
Event: 33.992 Thread 0x000001ceb8c6c370 Exception <a 'java/lang/NoSuchMethodError'{0x00000000939f7198}: static [Ljava/net/URL;.<clinit>()V> (0x00000000939f7198) 
thrown [s\src\hotspot\share\prims\jni.cpp, line 1108]
Event: 33.994 Thread 0x000001ceb8c6c370 Exception <a 'java/lang/NoSuchMethodError'{0x000000009380b980}: static Lorg/gradle/internal/classloader/FilteringClassLoader$Spec;.<clinit>()V> (0x000000009380b980) 
thrown [s\src\hotspot\share\prims\jni.cpp, line 1108]
Event: 33.994 Thread 0x000001ceb8c6c370 Exception <a 'java/lang/NoSuchMethodError'{0x00000000938189e8}: static Lorg/gradle/internal/classloader/CachingClassLoader$Spec;.<clinit>()V> (0x00000000938189e8) 
thrown [s\src\hotspot\share\prims\jni.cpp, line 1108]
Event: 34.008 Thread 0x000001cebdcbb730 Implicit null exception at 0x000001cea84242a6 to 0x000001cea8425568
Event: 34.009 Thread 0x000001cebdcbb730 Exception <a 'sun/nio/fs/WindowsException'{0x0000000093885280}> (0x0000000093885280) 
thrown [s\src\hotspot\share\prims\jni.cpp, line 517]
Event: 34.030 Thread 0x000001ceb8a64040 Implicit null exception at 0x000001cea86e1978 to 0x000001cea86e27fd
Event: 34.126 Thread 0x000001ceb8a64040 Implicit null exception at 0x000001cea874f10f to 0x000001cea874f15c
Event: 34.160 Thread 0x000001ceb8a64040 Implicit null exception at 0x000001cea8603c93 to 0x000001cea8603f68
Event: 41.433 Thread 0x000001ceb9486320 Implicit null exception at 0x000001cea7efd6f2 to 0x000001cea7efdd0c
Event: 65.559 Thread 0x000001cebd581090 Exception <a 'java/lang/NoSuchMethodError'{0x0000000091b2a8b8}: static Lorg/gradle/internal/build/event/types/DefaultProjectConfigurationDescriptor;.<clinit>()V> (0x0000000091b2a8b8) 
thrown [s\src\hotspot\share\prims\jni.cpp, line 1108]
Event: 65.592 Thread 0x000001ceb8a64040 Implicit null exception at 0x000001cea876c031 to 0x000001cea876fd14

VM Operations (20 events):
Event: 34.042 Executing VM operation: HandshakeAllThreads
Event: 34.043 Executing VM operation: HandshakeAllThreads done
Event: 34.060 Executing VM operation: ICBufferFull
Event: 34.060 Executing VM operation: ICBufferFull done
Event: 34.112 Executing VM operation: HandshakeAllThreads
Event: 34.112 Executing VM operation: HandshakeAllThreads done
Event: 34.147 Executing VM operation: HandshakeAllThreads
Event: 34.148 Executing VM operation: HandshakeAllThreads done
Event: 35.147 Executing VM operation: Cleanup
Event: 35.148 Executing VM operation: Cleanup done
Event: 42.150 Executing VM operation: Cleanup
Event: 42.150 Executing VM operation: Cleanup done
Event: 46.150 Executing VM operation: Cleanup
Event: 46.151 Executing VM operation: Cleanup done
Event: 52.154 Executing VM operation: Cleanup
Event: 52.154 Executing VM operation: Cleanup done
Event: 57.157 Executing VM operation: Cleanup
Event: 57.157 Executing VM operation: Cleanup done
Event: 62.160 Executing VM operation: Cleanup
Event: 62.160 Executing VM operation: Cleanup done

Events (20 events):
Event: 65.491 Thread 0x000001cec2e33f60 Thread added: 0x000001cec2e33f60
Event: 65.496 Thread 0x000001cebd584f20 Thread added: 0x000001cebd584f20
Event: 65.496 loading class jdk/internal/math/FormattedFloatingDecimal$Form
Event: 65.496 loading class jdk/internal/math/FormattedFloatingDecimal$Form done
Event: 65.496 loading class jdk/internal/math/FormattedFloatingDecimal
Event: 65.496 loading class jdk/internal/math/FormattedFloatingDecimal done
Event: 65.496 loading class jdk/internal/math/FormattedFloatingDecimal$1
Event: 65.497 loading class jdk/internal/math/FormattedFloatingDecimal$1 done
Event: 65.497 loading class jdk/internal/math/FormattedFloatingDecimal$2
Event: 65.497 loading class jdk/internal/math/FormattedFloatingDecimal$2 done
Event: 65.497 Thread 0x000001cebd586260 Thread added: 0x000001cebd586260
Event: 65.498 Thread 0x000001cebd581090 Thread added: 0x000001cebd581090
Event: 65.507 Thread 0x000001cec1204240 Thread added: 0x000001cec1204240
Event: 65.508 Thread 0x000001cec12065b0 Thread added: 0x000001cec12065b0
Event: 65.520 Thread 0x000001cebd5806f0 Thread added: 0x000001cebd5806f0
Event: 65.523 Thread 0x000001cebd586c00 Thread added: 0x000001cebd586c00
Event: 65.525 Thread 0x000001cec1d93e60 Thread added: 0x000001cec1d93e60
Event: 65.527 Thread 0x000001cec1d94330 Thread added: 0x000001cec1d94330
Event: 65.552 Thread 0x000001cec1d94800 Thread added: 0x000001cec1d94800
Event: 65.585 Thread 0x000001cebc024080 Thread added: 0x000001cebc024080


Dynamic libraries:
0x00007ff71a300000 - 0x00007ff71a30a000 	C:\Program Files\Android\Android Studio\jbr\bin\java.exe
0x00007ffc8d1f0000 - 0x00007ffc8d3e7000 	C:\WINDOWS\SYSTEM32\ntdll.dll
0x00007ffc8ccb0000 - 0x00007ffc8cd6d000 	C:\WINDOWS\System32\KERNEL32.DLL
0x00007ffc8adf0000 - 0x00007ffc8b0e6000 	C:\WINDOWS\System32\KERNELBASE.dll
0x00007ffc8ac40000 - 0x00007ffc8ad40000 	C:\WINDOWS\System32\ucrtbase.dll
0x00007ffc75ab0000 - 0x00007ffc75ac7000 	C:\Program Files\Android\Android Studio\jbr\bin\jli.dll
0x00007ffc75930000 - 0x00007ffc7594b000 	C:\Program Files\Android\Android Studio\jbr\bin\VCRUNTIME140.dll
0x00007ffc8bf50000 - 0x00007ffc8c0ee000 	C:\WINDOWS\System32\USER32.dll
0x00007ffc660a0000 - 0x00007ffc6633a000 	C:\WINDOWS\WinSxS\amd64_microsoft.windows.common-controls_6595b64144ccf1df_6.0.19041.3570_none_60bb2a3971f3e41a\COMCTL32.dll
0x00007ffc8aa10000 - 0x00007ffc8aa32000 	C:\WINDOWS\System32\win32u.dll
0x00007ffc8beb0000 - 0x00007ffc8bf4e000 	C:\WINDOWS\System32\msvcrt.dll
0x00007ffc8ce90000 - 0x00007ffc8cebc000 	C:\WINDOWS\System32\GDI32.dll
0x00007ffc8ab20000 - 0x00007ffc8ac3a000 	C:\WINDOWS\System32\gdi32full.dll
0x00007ffc8a970000 - 0x00007ffc8aa0d000 	C:\WINDOWS\System32\msvcp_win.dll
0x00007ffc8ce60000 - 0x00007ffc8ce90000 	C:\WINDOWS\System32\IMM32.DLL
0x00007ffc848e0000 - 0x00007ffc848ec000 	C:\Program Files\Android\Android Studio\jbr\bin\vcruntime140_1.dll
0x00007ffc54310000 - 0x00007ffc5439d000 	C:\Program Files\Android\Android Studio\jbr\bin\msvcp140.dll
0x00007ffc41420000 - 0x00007ffc4208e000 	C:\Program Files\Android\Android Studio\jbr\bin\server\jvm.dll
0x00007ffc8b6b0000 - 0x00007ffc8b75e000 	C:\WINDOWS\System32\ADVAPI32.dll
0x00007ffc8c6a0000 - 0x00007ffc8c73c000 	C:\WINDOWS\System32\sechost.dll
0x00007ffc8c7b0000 - 0x00007ffc8c8d6000 	C:\WINDOWS\System32\RPCRT4.dll
0x00007ffc86860000 - 0x00007ffc86869000 	C:\WINDOWS\SYSTEM32\WSOCK32.dll
0x00007ffc74ee0000 - 0x00007ffc74f07000 	C:\WINDOWS\SYSTEM32\WINMM.dll
0x00007ffc81c10000 - 0x00007ffc81c1a000 	C:\WINDOWS\SYSTEM32\VERSION.dll
0x00007ffc8c740000 - 0x00007ffc8c7ab000 	C:\WINDOWS\System32\WS2_32.dll
0x00007ffc89100000 - 0x00007ffc89112000 	C:\WINDOWS\SYSTEM32\kernel.appcore.dll
0x00007ffc867d0000 - 0x00007ffc867da000 	C:\Program Files\Android\Android Studio\jbr\bin\jimage.dll
0x00007ffc7ae60000 - 0x00007ffc7b044000 	C:\WINDOWS\SYSTEM32\DBGHELP.DLL
0x00007ffc76370000 - 0x00007ffc763a4000 	C:\WINDOWS\SYSTEM32\dbgcore.DLL
0x00007ffc8aa40000 - 0x00007ffc8aac2000 	C:\WINDOWS\System32\bcryptPrimitives.dll
0x00007ffc75e70000 - 0x00007ffc75e95000 	C:\Program Files\Android\Android Studio\jbr\bin\java.dll
0x00007ffc855e0000 - 0x00007ffc855f8000 	C:\Program Files\Android\Android Studio\jbr\bin\zip.dll
0x00007ffc8b760000 - 0x00007ffc8bea4000 	C:\WINDOWS\System32\SHELL32.dll
0x00007ffc886f0000 - 0x00007ffc88e8b000 	C:\WINDOWS\SYSTEM32\windows.storage.dll
0x00007ffc8c8f0000 - 0x00007ffc8cc44000 	C:\WINDOWS\System32\combase.dll
0x00007ffc8a2a0000 - 0x00007ffc8a2cd000 	C:\WINDOWS\SYSTEM32\Wldp.dll
0x00007ffc8cec0000 - 0x00007ffc8cf6d000 	C:\WINDOWS\System32\SHCORE.dll
0x00007ffc8b4a0000 - 0x00007ffc8b4f5000 	C:\WINDOWS\System32\shlwapi.dll
0x00007ffc8a800000 - 0x00007ffc8a825000 	C:\WINDOWS\SYSTEM32\profapi.dll
0x00007ffc76800000 - 0x00007ffc76819000 	C:\Program Files\Android\Android Studio\jbr\bin\net.dll
0x00007ffc86c30000 - 0x00007ffc86d3a000 	C:\WINDOWS\SYSTEM32\WINHTTP.dll
0x00007ffc8a000000 - 0x00007ffc8a06a000 	C:\WINDOWS\system32\mswsock.dll
0x00007ffc75bd0000 - 0x00007ffc75be6000 	C:\Program Files\Android\Android Studio\jbr\bin\nio.dll
0x00007ffc86780000 - 0x00007ffc86790000 	C:\Program Files\Android\Android Studio\jbr\bin\verify.dll
0x00007ffc6b380000 - 0x00007ffc6b3a7000 	C:\Users\DELL\.gradle\native\68d5fa5c4cc2d200863cafc0d521ce42e7d3e7ee720ec0a83991735586a16f82\windows-amd64\native-platform.dll
0x00007ffc49cd0000 - 0x00007ffc49e14000 	C:\Users\DELL\.gradle\native\e376f236ea51e6404a007f0833ffe2c6e607c4080706a723a18a27aeea778392\windows-amd64\native-platform-file-events.dll
0x00007ffc86000000 - 0x00007ffc86009000 	C:\Program Files\Android\Android Studio\jbr\bin\management.dll
0x00007ffc85500000 - 0x00007ffc8550b000 	C:\Program Files\Android\Android Studio\jbr\bin\management_ext.dll
0x00007ffc8c8e0000 - 0x00007ffc8c8e8000 	C:\WINDOWS\System32\PSAPI.DLL
0x00007ffc8a1f0000 - 0x00007ffc8a208000 	C:\WINDOWS\SYSTEM32\CRYPTSP.dll
0x00007ffc898b0000 - 0x00007ffc898e4000 	C:\WINDOWS\system32\rsaenh.dll
0x00007ffc8a8d0000 - 0x00007ffc8a8f7000 	C:\WINDOWS\System32\bcrypt.dll
0x00007ffc8a7c0000 - 0x00007ffc8a7ee000 	C:\WINDOWS\SYSTEM32\USERENV.dll
0x00007ffc8a210000 - 0x00007ffc8a21c000 	C:\WINDOWS\SYSTEM32\CRYPTBASE.dll
0x00007ffc89c90000 - 0x00007ffc89ccb000 	C:\WINDOWS\SYSTEM32\IPHLPAPI.DLL
0x00007ffc8cf70000 - 0x00007ffc8cf78000 	C:\WINDOWS\System32\NSI.dll
0x00007ffc85230000 - 0x00007ffc85247000 	C:\WINDOWS\SYSTEM32\dhcpcsvc6.DLL
0x00007ffc856c0000 - 0x00007ffc856dd000 	C:\WINDOWS\SYSTEM32\dhcpcsvc.DLL
0x00007ffc89cd0000 - 0x00007ffc89d9a000 	C:\WINDOWS\SYSTEM32\DNSAPI.dll
0x00007ffc852a0000 - 0x00007ffc852a7000 	C:\WINDOWS\system32\wshunix.dll
0x00007ffc397e0000 - 0x00007ffc397f7000 	C:\WINDOWS\system32\napinsp.dll
0x00007ffc397c0000 - 0x00007ffc397db000 	C:\WINDOWS\system32\pnrpnsp.dll
0x00007ffc86e70000 - 0x00007ffc86e85000 	C:\WINDOWS\system32\wshbth.dll
0x00007ffc86d40000 - 0x00007ffc86d5d000 	C:\WINDOWS\system32\NLAapi.dll
0x00007ffc397a0000 - 0x00007ffc397b2000 	C:\WINDOWS\System32\winrnr.dll
0x00007ffc84000000 - 0x00007ffc8400a000 	C:\Windows\System32\rasadhlp.dll
0x00007ffc82820000 - 0x00007ffc828a2000 	C:\WINDOWS\System32\fwpuclnt.dll

dbghelp: loaded successfully - version: 4.0.5 - missing functions: none
symbol engine: initialized successfully - sym options: 0x614 - pdb path: .;C:\Program Files\Android\Android Studio\jbr\bin;C:\WINDOWS\SYSTEM32;C:\WINDOWS\WinSxS\amd64_microsoft.windows.common-controls_6595b64144ccf1df_6.0.19041.3570_none_60bb2a3971f3e41a;C:\Program Files\Android\Android Studio\jbr\bin\server;C:\Users\DELL\.gradle\native\68d5fa5c4cc2d200863cafc0d521ce42e7d3e7ee720ec0a83991735586a16f82\windows-amd64;C:\Users\DELL\.gradle\native\e376f236ea51e6404a007f0833ffe2c6e607c4080706a723a18a27aeea778392\windows-amd64

VM Arguments:
jvm_args: --add-opens=java.base/java.util=ALL-UNNAMED --add-opens=java.base/java.lang=ALL-UNNAMED --add-opens=java.base/java.lang.invoke=ALL-UNNAMED --add-opens=java.prefs/java.util.prefs=ALL-UNNAMED --add-opens=java.base/java.nio.charset=ALL-UNNAMED --add-opens=java.base/java.net=ALL-UNNAMED --add-opens=java.base/java.util.concurrent.atomic=ALL-UNNAMED -Xmx2048m -Dfile.encoding=UTF-8 -Duser.country=US -Duser.language=en -Duser.variant 
java_command: org.gradle.launcher.daemon.bootstrap.GradleDaemon 8.0
java_class_path (initial): C:\Users\DELL\.gradle\wrapper\dists\gradle-8.0-bin\ca5e32bp14vu59qr306oxotwh\gradle-8.0\lib\gradle-launcher-8.0.jar
Launcher Type: SUN_STANDARD

[Global flags]
     intx CICompilerCount                          = 4                                         {product} {ergonomic}
     uint ConcGCThreads                            = 3                                         {product} {ergonomic}
     uint G1ConcRefinementThreads                  = 10                                        {product} {ergonomic}
   size_t G1HeapRegionSize                         = 1048576                                   {product} {ergonomic}
    uintx GCDrainStackTargetSize                   = 64                                        {product} {ergonomic}
   size_t InitialHeapSize                          = 266338304                                 {product} {ergonomic}
   size_t MarkStackSize                            = 4194304                                   {product} {ergonomic}
   size_t MaxHeapSize                              = 2147483648                                {product} {command line}
   size_t MaxNewSize                               = 1287651328                                {product} {ergonomic}
   size_t MinHeapDeltaBytes                        = 1048576                                   {product} {ergonomic}
   size_t MinHeapSize                              = 8388608                                   {product} {ergonomic}
    uintx NonNMethodCodeHeapSize                   = 5839372                                {pd product} {ergonomic}
    uintx NonProfiledCodeHeapSize                  = 122909434                              {pd product} {ergonomic}
    uintx ProfiledCodeHeapSize                     = 122909434                              {pd product} {ergonomic}
    uintx ReservedCodeCacheSize                    = 251658240                              {pd product} {ergonomic}
     bool SegmentedCodeCache                       = true                                      {product} {ergonomic}
   size_t SoftMaxHeapSize                          = 2147483648                             {manageable} {ergonomic}
     bool UseCompressedClassPointers               = true                           {product lp64_product} {ergonomic}
     bool UseCompressedOops                        = true                           {product lp64_product} {ergonomic}
     bool UseG1GC                                  = true                                      {product} {ergonomic}
     bool UseLargePagesIndividualAllocation        = false                                  {pd product} {ergonomic}

Logging:
Log output configuration:
 #0: stdout all=warning uptime,level,tags
 #1: stderr all=off uptime,level,tags

Environment Variables:
JAVA_HOME=C:\Program Files\Java\jdk-20
PATH=C:\Program Files\Common Files\Oracle\Java\javapath;C:\Windows\system32;C:\Windows;C:\Windows\System32\Wbem;C:\Windows\System32\WindowsPowerShell\v1.0\;C:\Windows\System32\OpenSSH\;C:\Program Files (x86)\NVIDIA Corporation\PhysX\Common;C:\Program Files\NVIDIA Corporation\NVIDIA NvDLISR;C:\WINDOWS\system32;C:\WINDOWS;C:\WINDOWS\System32\Wbem;C:\WINDOWS\System32\WindowsPowerShell\v1.0\;C:\WINDOWS\System32\OpenSSH\;C:\Program Files\Git\cmd;C:\Users\DELL\AppData\Local\Microsoft\WindowsApps;D:\VScode\Microsoft VS Code\bin;D:\FLUTTER\flutter\bin;
USERNAME=DELL
OS=Windows_NT
PROCESSOR_IDENTIFIER=Intel64 Family 6 Model 165 Stepping 2, GenuineIntel
TMP=C:\Users\DELL\AppData\Local\Temp
TEMP=C:\Users\DELL\AppData\Local\Temp


JNI global refs:
JNI global refs: 30, weak refs: 2

JNI global refs memory usage: 843, weak refs: 841


---------------  S Y S T E M  ---------------

OS:
 Windows 10 , 64 bit Build 19041 (10.0.19041.3570)
OS uptime: 7 days 6:16 hours

CPU: total 12 (initial active 12) (6 cores per cpu, 2 threads per core) family 6 model 165 stepping 2 microcode 0xf8, cx8, cmov, fxsr, ht, mmx, 3dnowpref, sse, sse2, sse3, ssse3, sse4.1, sse4.2, popcnt, lzcnt, tsc, tscinvbit, avx, avx2, aes, erms, clmul, bmi1, bmi2, adx, fma, vzeroupper, clflush, clflushopt

Memory: 4k page, system-wide physical 16145M (2649M free)
TotalPageFile size 21303M (AvailPageFile size 3M)
current process WorkingSet (physical memory assigned to process): 684M, peak: 711M
current process commit charge ("private bytes"): 724M, peak: 754M

vm_info: OpenJDK 64-Bit Server VM (17.0.6+0-b2043.56-10027231) for windows-amd64 JRE (17.0.6+0-b2043.56-10027231), built on Apr 28 2023 00:43:19 by "androidbuild" with MS VC++ 16.10 / 16.11 (VS2019)

END.
